Mplus VERSION 8.4 (Mac)
MUTHEN & MUTHEN
12/17/2024   4:26 PM

INPUT INSTRUCTIONS

  Title: Student Attitudes Baseline CFA;

  Data:
     File is ../dat_stu_1.txt;

  Variable:
     Names are studentid age gender grade country
     dass1_1 dass2_1 dass3_1 dass4_1 dass5_1 dass6_1 dass7_1
     dass8_1 dass9_1 dass10_1 dass11_1 dass12_1 dass13_1 dass14_1
     dass15_1 dass16_1 dass17_1 dass18_1 dass19_1 dass20_1 dass21_1
     phq1_1 phq2_1 phq3_1 phq4_1 phq5_1 phq6_1 phq7_1 phq8_1
     gad1_1 gad2_1 gad3_1 gad4_1 gad5_1 gad6_1 gad7_1
     ghq1_1 ghq2_1 ghq3_1 ghq4_1 ghq5_1 ghq6_1 ghq7_1 ghq8_1
     ghq9_1 ghq10_1 ghq11_1 ghq12_1
     erica1_1 erica2_1 erica3_1 erica4_1 erica5_1 erica6_1 erica7_1
     erica8_1 erica9_1 erica10_1 erica11_1 erica12_1 erica13_1
     erica14_1 erica15_1 erica16_1 erica17_1
     sswq1_1 sswq2_1 sswq3_1 sswq4_1 sswq5_1 sswq6_1 sswq7_1
     sswq8_1 sswq9_1 sswq10_1 sswq11_1 sswq12_1 sswq13_1 sswq14_1
     sswq15_1 sswq16_1 atti1_1 atti2_1 atti3_1 atti4_1 atti5_1 atti6_1
     half;
     Missing are . ;

    Usevariable are
  	atti1_1 atti2_1 atti3_1 atti4_1 atti5_1 atti6_1;

    Categorical is
  	atti1_1 atti2_1 atti3_1 atti4_1 atti5_1 atti6_1;

    Idvariable is studentid;

  Analysis:
     Estimator = wlsmv;

  Model:
    atti by atti1_1 atti2_1 atti3_1 atti4_1 atti5_1 atti6_1;

  Output: sampstat stdyx modindices(all);



*** WARNING
  Data set contains cases with missing on all variables.
  These cases were not included in the analysis.
  Number of cases with missing on all variables:  4
   1 WARNING(S) FOUND IN THE INPUT INSTRUCTIONS



Student Attitudes Baseline CFA;

SUMMARY OF ANALYSIS

Number of groups                                                 1
Number of observations                                         536

Number of dependent variables                                    6
Number of independent variables                                  0
Number of continuous latent variables                            1

Observed dependent variables

  Binary and ordered categorical (ordinal)
   ATTI1_1     ATTI2_1     ATTI3_1     ATTI4_1     ATTI5_1     ATTI6_1

Continuous latent variables
   ATTI

Variables with special functions

  ID variable           STUDENTI

Estimator                                                    WLSMV
Maximum number of iterations                                  1000
Convergence criterion                                    0.500D-04
Maximum number of steepest descent iterations                   20
Maximum number of iterations for H1                           2000
Convergence criterion for H1                             0.100D-03
Parameterization                                             DELTA
Link                                                        PROBIT

Input data file(s)
  ../dat_stu_1.txt

Input data format  FREE


SUMMARY OF DATA

     Number of missing data patterns             1


COVARIANCE COVERAGE OF DATA

Minimum covariance coverage value   0.100


     PROPORTION OF DATA PRESENT


           Covariance Coverage
              ATTI1_1       ATTI2_1       ATTI3_1       ATTI4_1       ATTI5_1
              ________      ________      ________      ________      ________
 ATTI1_1        1.000
 ATTI2_1        1.000         1.000
 ATTI3_1        1.000         1.000         1.000
 ATTI4_1        1.000         1.000         1.000         1.000
 ATTI5_1        1.000         1.000         1.000         1.000         1.000
 ATTI6_1        1.000         1.000         1.000         1.000         1.000


           Covariance Coverage
              ATTI6_1
              ________
 ATTI6_1        1.000


UNIVARIATE PROPORTIONS AND COUNTS FOR CATEGORICAL VARIABLES

    ATTI1_1
      Category 1    0.213          114.000
      Category 2    0.200          107.000
      Category 3    0.360          193.000
      Category 4    0.125           67.000
      Category 5    0.103           55.000
    ATTI2_1
      Category 1    0.131           70.000
      Category 2    0.099           53.000
      Category 3    0.354          190.000
      Category 4    0.183           98.000
      Category 5    0.233          125.000
    ATTI3_1
      Category 1    0.366          196.000
      Category 2    0.291          156.000
      Category 3    0.211          113.000
      Category 4    0.067           36.000
      Category 5    0.065           35.000
    ATTI4_1
      Category 1    0.368          197.000
      Category 2    0.289          155.000
      Category 3    0.215          115.000
      Category 4    0.071           38.000
      Category 5    0.058           31.000
    ATTI5_1
      Category 1    0.440          236.000
      Category 2    0.289          155.000
      Category 3    0.142           76.000
      Category 4    0.047           25.000
      Category 5    0.082           44.000
    ATTI6_1
      Category 1    0.407          218.000
      Category 2    0.334          179.000
      Category 3    0.144           77.000
      Category 4    0.052           28.000
      Category 5    0.063           34.000


SAMPLE STATISTICS


     ESTIMATED SAMPLE STATISTICS


           MEANS/INTERCEPTS/THRESHOLDS
              ATTI1_1$      ATTI1_1$      ATTI1_1$      ATTI1_1$      ATTI2_1$
              ________      ________      ________      ________      ________
               -0.797        -0.222         0.747         1.267        -1.124


           MEANS/INTERCEPTS/THRESHOLDS
              ATTI2_1$      ATTI2_1$      ATTI2_1$      ATTI3_1$      ATTI3_1$
              ________      ________      ________      ________      ________
               -0.741         0.212         0.728        -0.343         0.404


           MEANS/INTERCEPTS/THRESHOLDS
              ATTI3_1$      ATTI3_1$      ATTI4_1$      ATTI4_1$      ATTI4_1$
              ________      ________      ________      ________      ________
                1.115         1.512        -0.338         0.404         1.132


           MEANS/INTERCEPTS/THRESHOLDS
              ATTI4_1$      ATTI5_1$      ATTI5_1$      ATTI5_1$      ATTI5_1$
              ________      ________      ________      ________      ________
                1.573        -0.150         0.611         1.132         1.391


           MEANS/INTERCEPTS/THRESHOLDS
              ATTI6_1$      ATTI6_1$      ATTI6_1$      ATTI6_1$
              ________      ________      ________      ________
               -0.236         0.645         1.197         1.527


           CORRELATION MATRIX (WITH VARIANCES ON THE DIAGONAL)
              ATTI1_1       ATTI2_1       ATTI3_1       ATTI4_1       ATTI5_1
              ________      ________      ________      ________      ________
 ATTI1_1
 ATTI2_1        0.175
 ATTI3_1        0.131        -0.093
 ATTI4_1        0.153        -0.091         0.788
 ATTI5_1        0.055        -0.025         0.183         0.184
 ATTI6_1        0.121         0.042         0.221         0.221         0.580


           CORRELATION MATRIX (WITH VARIANCES ON THE DIAGONAL)
              ATTI6_1
              ________


THE MODEL ESTIMATION TERMINATED NORMALLY



MODEL FIT INFORMATION

Number of Free Parameters                       30

Chi-Square Test of Model Fit

          Value                            289.486*
          Degrees of Freedom                     9
          P-Value                           0.0000

*   The chi-square value for MLM, MLMV, MLR, ULSMV, WLSM and WLSMV cannot be used
    for chi-square difference testing in the regular way.  MLM, MLR and WLSM
    chi-square difference testing is described on the Mplus website.  MLMV, WLSMV,
    and ULSMV difference testing is done using the DIFFTEST option.

RMSEA (Root Mean Square Error Of Approximation)

          Estimate                           0.241
          90 Percent C.I.                    0.218  0.265
          Probability RMSEA <= .05           0.000

CFI/TLI

          CFI                                0.859
          TLI                                0.765

Chi-Square Test of Model Fit for the Baseline Model

          Value                           2007.678
          Degrees of Freedom                    15
          P-Value                           0.0000

SRMR (Standardized Root Mean Square Residual)

          Value                              0.087

Optimum Function Value for Weighted Least-Squares Estimator

          Value                     0.22473256D+00



MODEL RESULTS

                                                    Two-Tailed
                    Estimate       S.E.  Est./S.E.    P-Value

 ATTI     BY
    ATTI1_1            1.000      0.000    999.000    999.000
    ATTI2_1           -0.383      0.337     -1.135      0.256
    ATTI3_1            5.309      1.512      3.511      0.000
    ATTI4_1            5.399      1.563      3.455      0.001
    ATTI5_1            2.768      0.818      3.383      0.001
    ATTI6_1            2.875      0.849      3.387      0.001

 Thresholds
    ATTI1_1$1         -0.797      0.061    -13.095      0.000
    ATTI1_1$2         -0.222      0.055     -4.057      0.000
    ATTI1_1$3          0.747      0.060     12.447      0.000
    ATTI1_1$4          1.267      0.073     17.284      0.000
    ATTI2_1$1         -1.124      0.069    -16.383      0.000
    ATTI2_1$2         -0.741      0.060    -12.365      0.000
    ATTI2_1$3          0.212      0.055      3.885      0.000
    ATTI2_1$4          0.728      0.060     12.202      0.000
    ATTI3_1$1         -0.343      0.055     -6.207      0.000
    ATTI3_1$2          0.404      0.056      7.236      0.000
    ATTI3_1$3          1.115      0.068     16.317      0.000
    ATTI3_1$4          1.512      0.084     18.027      0.000
    ATTI4_1$1         -0.338      0.055     -6.122      0.000
    ATTI4_1$2          0.404      0.056      7.236      0.000
    ATTI4_1$3          1.132      0.069     16.448      0.000
    ATTI4_1$4          1.573      0.087     18.059      0.000
    ATTI5_1$1         -0.150      0.054     -2.763      0.006
    ATTI5_1$2          0.611      0.058     10.543      0.000
    ATTI5_1$3          1.132      0.069     16.448      0.000
    ATTI5_1$4          1.391      0.078     17.786      0.000
    ATTI6_1$1         -0.236      0.055     -4.316      0.000
    ATTI6_1$2          0.645      0.058     11.044      0.000
    ATTI6_1$3          1.197      0.071     16.887      0.000
    ATTI6_1$4          1.527      0.085     18.040      0.000

 Variances
    ATTI               0.026      0.015      1.751      0.080


STANDARDIZED MODEL RESULTS


STDYX Standardization

                                                    Two-Tailed
                    Estimate       S.E.  Est./S.E.    P-Value

 ATTI     BY
    ATTI1_1            0.163      0.046      3.501      0.000
    ATTI2_1           -0.062      0.047     -1.327      0.185
    ATTI3_1            0.863      0.031     27.732      0.000
    ATTI4_1            0.878      0.031     28.032      0.000
    ATTI5_1            0.450      0.039     11.434      0.000
    ATTI6_1            0.467      0.039     11.980      0.000

 Thresholds
    ATTI1_1$1         -0.797      0.061    -13.095      0.000
    ATTI1_1$2         -0.222      0.055     -4.057      0.000
    ATTI1_1$3          0.747      0.060     12.447      0.000
    ATTI1_1$4          1.267      0.073     17.284      0.000
    ATTI2_1$1         -1.124      0.069    -16.383      0.000
    ATTI2_1$2         -0.741      0.060    -12.365      0.000
    ATTI2_1$3          0.212      0.055      3.885      0.000
    ATTI2_1$4          0.728      0.060     12.202      0.000
    ATTI3_1$1         -0.343      0.055     -6.207      0.000
    ATTI3_1$2          0.404      0.056      7.236      0.000
    ATTI3_1$3          1.115      0.068     16.317      0.000
    ATTI3_1$4          1.512      0.084     18.027      0.000
    ATTI4_1$1         -0.338      0.055     -6.122      0.000
    ATTI4_1$2          0.404      0.056      7.236      0.000
    ATTI4_1$3          1.132      0.069     16.448      0.000
    ATTI4_1$4          1.573      0.087     18.059      0.000
    ATTI5_1$1         -0.150      0.054     -2.763      0.006
    ATTI5_1$2          0.611      0.058     10.543      0.000
    ATTI5_1$3          1.132      0.069     16.448      0.000
    ATTI5_1$4          1.391      0.078     17.786      0.000
    ATTI6_1$1         -0.236      0.055     -4.316      0.000
    ATTI6_1$2          0.645      0.058     11.044      0.000
    ATTI6_1$3          1.197      0.071     16.887      0.000
    ATTI6_1$4          1.527      0.085     18.040      0.000

 Variances
    ATTI               1.000      0.000    999.000    999.000


R-SQUARE

    Observed                                        Two-Tailed   Residual
    Variable        Estimate       S.E.  Est./S.E.    P-Value    Variance

    ATTI1_1            0.026      0.015      1.751      0.080      0.974
    ATTI2_1            0.004      0.006      0.663      0.507      0.996
    ATTI3_1            0.745      0.054     13.866      0.000      0.255
    ATTI4_1            0.771      0.055     14.016      0.000      0.229
    ATTI5_1            0.203      0.035      5.717      0.000      0.797
    ATTI6_1            0.218      0.036      5.990      0.000      0.782


QUALITY OF NUMERICAL RESULTS

     Condition Number for the Information Matrix              0.444E-06
       (ratio of smallest to largest eigenvalue)


MODEL MODIFICATION INDICES

Minimum M.I. value for printing the modification index    10.000

                                   M.I.     E.P.C.  Std E.P.C.  StdYX E.P.C.

ON Statements

ATTI1_1  ON ATTI2_1               20.832     0.188      0.188        0.188
ATTI2_1  ON ATTI1_1               20.832     0.188      0.188        0.188
ATTI3_1  ON ATTI4_1              231.853     1.894      1.894        1.894
ATTI3_1  ON ATTI5_1               61.775    -0.526     -0.526       -0.526
ATTI3_1  ON ATTI6_1               64.721    -0.550     -0.550       -0.550
ATTI4_1  ON ATTI3_1              231.853     1.894      1.894        1.894
ATTI4_1  ON ATTI5_1               66.466    -0.551     -0.551       -0.551
ATTI4_1  ON ATTI6_1               64.795    -0.564     -0.564       -0.564
ATTI5_1  ON ATTI3_1               61.776    -0.526     -0.526       -0.526
ATTI5_1  ON ATTI4_1               66.466    -0.551     -0.551       -0.551
ATTI5_1  ON ATTI6_1              260.702     0.583      0.583        0.583
ATTI6_1  ON ATTI3_1               64.721    -0.550     -0.550       -0.550
ATTI6_1  ON ATTI4_1               64.795    -0.564     -0.564       -0.564
ATTI6_1  ON ATTI5_1              260.702     0.583      0.583        0.583

WITH Statements

ATTI2_1  WITH ATTI1_1             20.832     0.188      0.188        0.191
ATTI4_1  WITH ATTI3_1            231.851     1.894      1.894        7.838
ATTI5_1  WITH ATTI3_1             61.775    -0.526     -0.526       -1.168
ATTI5_1  WITH ATTI4_1             66.466    -0.551     -0.551       -1.288
ATTI6_1  WITH ATTI3_1             64.721    -0.550     -0.550       -1.233
ATTI6_1  WITH ATTI4_1             64.796    -0.564     -0.564       -1.333
ATTI6_1  WITH ATTI5_1            260.702     0.583      0.583        0.739


     Beginning Time:  16:26:05
        Ending Time:  16:26:05
       Elapsed Time:  00:00:00



MUTHEN & MUTHEN
3463 Stoner Ave.
Los Angeles, CA  90066

Tel: (310) 391-9971
Fax: (310) 391-8971
Web: www.StatModel.com
Support: Support@StatModel.com

Copyright (c) 1998-2019 Muthen & Muthen
