Mplus VERSION 8.4 (Mac)
MUTHEN & MUTHEN
12/16/2024   4:25 PM

INPUT INSTRUCTIONS

  Title: Student ERICA Baseline CFA;

  Data:
     File is ../dat_stu_1.txt;

  Variable:
     Names are studentid age gender grade country
     dass1_1 dass2_1 dass3_1 dass4_1 dass5_1 dass6_1 dass7_1
     dass8_1 dass9_1 dass10_1 dass11_1 dass12_1 dass13_1 dass14_1
     dass15_1 dass16_1 dass17_1 dass18_1 dass19_1 dass20_1 dass21_1
     phq1_1 phq2_1 phq3_1 phq4_1 phq5_1 phq6_1 phq7_1 phq8_1
     gad1_1 gad2_1 gad3_1 gad4_1 gad5_1 gad6_1 gad7_1
     ghq1_1 ghq2_1 ghq3_1 ghq4_1 ghq5_1 ghq6_1 ghq7_1 ghq8_1
     ghq9_1 ghq10_1 ghq11_1 ghq12_1
     erica1_1 erica2_1 erica3_1 erica4_1 erica5_1 erica6_1 erica7_1
     erica8_1 erica9_1 erica10_1 erica11_1 erica12_1 erica13_1
     erica14_1 erica15_1 erica16_1 erica17_1
     sswq1_1 sswq2_1 sswq3_1 sswq4_1 sswq5_1 sswq6_1 sswq7_1
     sswq8_1 sswq9_1 sswq10_1 sswq11_1 sswq12_1 sswq13_1 sswq14_1
     sswq15_1 sswq16_1 atti1_1 atti2_1 atti3_1 atti4_1 atti5_1 atti6_1
     half;
     Missing are . ;

    Usevariable are
  	erica1_1 erica2_1 erica3_1 erica4_1 erica5_1 erica6_1 erica7_1 erica8_1;

    Categorical is
  	erica1_1 erica2_1 erica3_1 erica4_1 erica5_1 erica6_1 erica7_1 erica8_1;
    Idvariable is studentid;

  Analysis:
     Estimator = wlsmv;

  Model:
    control by
      erica1_1 erica2_1 erica3_1 erica4_1 erica5_1 erica6_1 erica7_1 erica8_1;

  Output: sampstat stdyx modindices(all);



*** WARNING
  Data set contains cases with missing on all variables.
  These cases were not included in the analysis.
  Number of cases with missing on all variables:  1
   1 WARNING(S) FOUND IN THE INPUT INSTRUCTIONS



Student ERICA Baseline CFA;

SUMMARY OF ANALYSIS

Number of groups                                                 1
Number of observations                                         539

Number of dependent variables                                    8
Number of independent variables                                  0
Number of continuous latent variables                            1

Observed dependent variables

  Binary and ordered categorical (ordinal)
   ERICA1_1    ERICA2_1    ERICA3_1    ERICA4_1    ERICA5_1    ERICA6_1
   ERICA7_1    ERICA8_1

Continuous latent variables
   CONTROL

Variables with special functions

  ID variable           STUDENTI

Estimator                                                    WLSMV
Maximum number of iterations                                  1000
Convergence criterion                                    0.500D-04
Maximum number of steepest descent iterations                   20
Maximum number of iterations for H1                           2000
Convergence criterion for H1                             0.100D-03
Parameterization                                             DELTA
Link                                                        PROBIT

Input data file(s)
  ../dat_stu_1.txt

Input data format  FREE


SUMMARY OF DATA

     Number of missing data patterns             1


COVARIANCE COVERAGE OF DATA

Minimum covariance coverage value   0.100


     PROPORTION OF DATA PRESENT


           Covariance Coverage
              ERICA1_1      ERICA2_1      ERICA3_1      ERICA4_1      ERICA5_1
              ________      ________      ________      ________      ________
 ERICA1_1       1.000
 ERICA2_1       1.000         1.000
 ERICA3_1       1.000         1.000         1.000
 ERICA4_1       1.000         1.000         1.000         1.000
 ERICA5_1       1.000         1.000         1.000         1.000         1.000
 ERICA6_1       1.000         1.000         1.000         1.000         1.000
 ERICA7_1       1.000         1.000         1.000         1.000         1.000
 ERICA8_1       1.000         1.000         1.000         1.000         1.000


           Covariance Coverage
              ERICA6_1      ERICA7_1      ERICA8_1
              ________      ________      ________
 ERICA6_1       1.000
 ERICA7_1       1.000         1.000
 ERICA8_1       1.000         1.000         1.000


UNIVARIATE PROPORTIONS AND COUNTS FOR CATEGORICAL VARIABLES

    ERICA1_1
      Category 1    0.072           39.000
      Category 2    0.217          117.000
      Category 3    0.265          143.000
      Category 4    0.243          131.000
      Category 5    0.202          109.000
    ERICA2_1
      Category 1    0.145           78.000
      Category 2    0.365          197.000
      Category 3    0.184           99.000
      Category 4    0.202          109.000
      Category 5    0.104           56.000
    ERICA3_1
      Category 1    0.056           30.000
      Category 2    0.143           77.000
      Category 3    0.145           78.000
      Category 4    0.269          145.000
      Category 5    0.388          209.000
    ERICA4_1
      Category 1    0.072           39.000
      Category 2    0.215          116.000
      Category 3    0.180           97.000
      Category 4    0.243          131.000
      Category 5    0.289          156.000
    ERICA5_1
      Category 1    0.020           11.000
      Category 2    0.165           89.000
      Category 3    0.199          107.000
      Category 4    0.295          159.000
      Category 5    0.321          173.000
    ERICA6_1
      Category 1    0.109           59.000
      Category 2    0.249          134.000
      Category 3    0.143           77.000
      Category 4    0.197          106.000
      Category 5    0.302          163.000
    ERICA7_1
      Category 1    0.095           51.000
      Category 2    0.252          136.000
      Category 3    0.212          114.000
      Category 4    0.217          117.000
      Category 5    0.224          121.000
    ERICA8_1
      Category 1    0.080           43.000
      Category 2    0.254          137.000
      Category 3    0.169           91.000
      Category 4    0.265          143.000
      Category 5    0.232          125.000


SAMPLE STATISTICS


     ESTIMATED SAMPLE STATISTICS


           MEANS/INTERCEPTS/THRESHOLDS
              ERICA1_1      ERICA1_1      ERICA1_1      ERICA1_1      ERICA2_1
              ________      ________      ________      ________      ________
               -1.458        -0.555         0.138         0.834        -1.059


           MEANS/INTERCEPTS/THRESHOLDS
              ERICA2_1      ERICA2_1      ERICA2_1      ERICA3_1      ERICA3_1
              ________      ________      ________      ________      ________
                0.026         0.507         1.260        -1.592        -0.847


           MEANS/INTERCEPTS/THRESHOLDS
              ERICA3_1      ERICA3_1      ERICA4_1      ERICA4_1      ERICA4_1
              ________      ________      ________      ________      ________
               -0.404         0.285        -1.458        -0.560        -0.081


           MEANS/INTERCEPTS/THRESHOLDS
              ERICA4_1      ERICA5_1      ERICA5_1      ERICA5_1      ERICA5_1
              ________      ________      ________      ________      ________
                0.555        -2.045        -0.894        -0.295         0.465


           MEANS/INTERCEPTS/THRESHOLDS
              ERICA6_1      ERICA6_1      ERICA6_1      ERICA6_1      ERICA7_1
              ________      ________      ________      ________      ________
               -1.229        -0.364         0.002         0.517        -1.313


           MEANS/INTERCEPTS/THRESHOLDS
              ERICA7_1      ERICA7_1      ERICA7_1      ERICA8_1      ERICA8_1
              ________      ________      ________      ________      ________
               -0.394         0.147         0.757        -1.407        -0.429


           MEANS/INTERCEPTS/THRESHOLDS
              ERICA8_1      ERICA8_1
              ________      ________
                0.007         0.733


           CORRELATION MATRIX (WITH VARIANCES ON THE DIAGONAL)
              ERICA1_1      ERICA2_1      ERICA3_1      ERICA4_1      ERICA5_1
              ________      ________      ________      ________      ________
 ERICA1_1
 ERICA2_1       0.459
 ERICA3_1       0.312         0.282
 ERICA4_1       0.355         0.307         0.338
 ERICA5_1       0.341         0.328         0.566         0.344
 ERICA6_1       0.375         0.289         0.399         0.403         0.441
 ERICA7_1       0.375         0.300         0.368         0.363         0.479
 ERICA8_1       0.364         0.343         0.434         0.432         0.375


           CORRELATION MATRIX (WITH VARIANCES ON THE DIAGONAL)
              ERICA6_1      ERICA7_1      ERICA8_1
              ________      ________      ________
 ERICA7_1       0.383
 ERICA8_1       0.467         0.396


THE MODEL ESTIMATION TERMINATED NORMALLY



MODEL FIT INFORMATION

Number of Free Parameters                       40

Chi-Square Test of Model Fit

          Value                             99.033*
          Degrees of Freedom                    20
          P-Value                           0.0000

*   The chi-square value for MLM, MLMV, MLR, ULSMV, WLSM and WLSMV cannot be used
    for chi-square difference testing in the regular way.  MLM, MLR and WLSM
    chi-square difference testing is described on the Mplus website.  MLMV, WLSMV,
    and ULSMV difference testing is done using the DIFFTEST option.

RMSEA (Root Mean Square Error Of Approximation)

          Estimate                           0.086
          90 Percent C.I.                    0.069  0.103
          Probability RMSEA <= .05           0.000

CFI/TLI

          CFI                                0.958
          TLI                                0.941

Chi-Square Test of Model Fit for the Baseline Model

          Value                           1918.672
          Degrees of Freedom                    28
          P-Value                           0.0000

SRMR (Standardized Root Mean Square Residual)

          Value                              0.034

Optimum Function Value for Weighted Least-Squares Estimator

          Value                     0.55378554D-01



MODEL RESULTS

                                                    Two-Tailed
                    Estimate       S.E.  Est./S.E.    P-Value

 CONTROL  BY
    ERICA1_1           1.000      0.000    999.000    999.000
    ERICA2_1           0.896      0.071     12.667      0.000
    ERICA3_1           1.105      0.074     14.884      0.000
    ERICA4_1           0.981      0.073     13.431      0.000
    ERICA5_1           1.178      0.074     15.943      0.000
    ERICA6_1           1.079      0.072     14.899      0.000
    ERICA7_1           1.041      0.073     14.345      0.000
    ERICA8_1           1.096      0.073     15.007      0.000

 Thresholds
    ERICA1_1$1        -1.458      0.081    -18.000      0.000
    ERICA1_1$2        -0.555      0.057     -9.718      0.000
    ERICA1_1$3         0.138      0.054      2.541      0.011
    ERICA1_1$4         0.834      0.061     13.581      0.000
    ERICA2_1$1        -1.059      0.067    -15.913      0.000
    ERICA2_1$2         0.026      0.054      0.474      0.636
    ERICA2_1$3         0.507      0.057      8.958      0.000
    ERICA2_1$4         1.260      0.073     17.295      0.000
    ERICA3_1$1        -1.592      0.088    -18.107      0.000
    ERICA3_1$2        -0.847      0.062    -13.739      0.000
    ERICA3_1$3        -0.404      0.056     -7.259      0.000
    ERICA3_1$4         0.285      0.055      5.205      0.000
    ERICA4_1$1        -1.458      0.081    -18.000      0.000
    ERICA4_1$2        -0.560      0.057     -9.802      0.000
    ERICA4_1$3        -0.081      0.054     -1.507      0.132
    ERICA4_1$4         0.555      0.057      9.718      0.000
    ERICA5_1$1        -2.045      0.124    -16.542      0.000
    ERICA5_1$2        -0.894      0.063    -14.285      0.000
    ERICA5_1$3        -0.295      0.055     -5.376      0.000
    ERICA5_1$4         0.465      0.056      8.280      0.000
    ERICA6_1$1        -1.229      0.072    -17.129      0.000
    ERICA6_1$2        -0.364      0.055     -6.575      0.000
    ERICA6_1$3         0.002      0.054      0.043      0.966
    ERICA6_1$4         0.517      0.057      9.127      0.000
    ERICA7_1$1        -1.313      0.075    -17.549      0.000
    ERICA7_1$2        -0.394      0.056     -7.088      0.000
    ERICA7_1$3         0.147      0.054      2.713      0.007
    ERICA7_1$4         0.757      0.060     12.618      0.000
    ERICA8_1$1        -1.407      0.079    -17.880      0.000
    ERICA8_1$2        -0.429      0.056     -7.685      0.000
    ERICA8_1$3         0.007      0.054      0.129      0.897
    ERICA8_1$4         0.733      0.060     12.293      0.000

 Variances
    CONTROL            0.353      0.038      9.211      0.000


STANDARDIZED MODEL RESULTS


STDYX Standardization

                                                    Two-Tailed
                    Estimate       S.E.  Est./S.E.    P-Value

 CONTROL  BY
    ERICA1_1           0.594      0.032     18.421      0.000
    ERICA2_1           0.532      0.036     14.846      0.000
    ERICA3_1           0.656      0.029     22.343      0.000
    ERICA4_1           0.582      0.033     17.545      0.000
    ERICA5_1           0.699      0.027     26.198      0.000
    ERICA6_1           0.641      0.031     20.786      0.000
    ERICA7_1           0.618      0.030     20.658      0.000
    ERICA8_1           0.651      0.030     21.352      0.000

 Thresholds
    ERICA1_1$1        -1.458      0.081    -18.000      0.000
    ERICA1_1$2        -0.555      0.057     -9.718      0.000
    ERICA1_1$3         0.138      0.054      2.541      0.011
    ERICA1_1$4         0.834      0.061     13.581      0.000
    ERICA2_1$1        -1.059      0.067    -15.913      0.000
    ERICA2_1$2         0.026      0.054      0.474      0.636
    ERICA2_1$3         0.507      0.057      8.958      0.000
    ERICA2_1$4         1.260      0.073     17.295      0.000
    ERICA3_1$1        -1.592      0.088    -18.107      0.000
    ERICA3_1$2        -0.847      0.062    -13.739      0.000
    ERICA3_1$3        -0.404      0.056     -7.259      0.000
    ERICA3_1$4         0.285      0.055      5.205      0.000
    ERICA4_1$1        -1.458      0.081    -18.000      0.000
    ERICA4_1$2        -0.560      0.057     -9.802      0.000
    ERICA4_1$3        -0.081      0.054     -1.507      0.132
    ERICA4_1$4         0.555      0.057      9.718      0.000
    ERICA5_1$1        -2.045      0.124    -16.542      0.000
    ERICA5_1$2        -0.894      0.063    -14.285      0.000
    ERICA5_1$3        -0.295      0.055     -5.376      0.000
    ERICA5_1$4         0.465      0.056      8.280      0.000
    ERICA6_1$1        -1.229      0.072    -17.129      0.000
    ERICA6_1$2        -0.364      0.055     -6.575      0.000
    ERICA6_1$3         0.002      0.054      0.043      0.966
    ERICA6_1$4         0.517      0.057      9.127      0.000
    ERICA7_1$1        -1.313      0.075    -17.549      0.000
    ERICA7_1$2        -0.394      0.056     -7.088      0.000
    ERICA7_1$3         0.147      0.054      2.713      0.007
    ERICA7_1$4         0.757      0.060     12.618      0.000
    ERICA8_1$1        -1.407      0.079    -17.880      0.000
    ERICA8_1$2        -0.429      0.056     -7.685      0.000
    ERICA8_1$3         0.007      0.054      0.129      0.897
    ERICA8_1$4         0.733      0.060     12.293      0.000

 Variances
    CONTROL            1.000      0.000    999.000    999.000


R-SQUARE

    Observed                                        Two-Tailed   Residual
    Variable        Estimate       S.E.  Est./S.E.    P-Value    Variance

    ERICA1_1           0.353      0.038      9.211      0.000      0.647
    ERICA2_1           0.283      0.038      7.423      0.000      0.717
    ERICA3_1           0.430      0.039     11.172      0.000      0.570
    ERICA4_1           0.339      0.039      8.773      0.000      0.661
    ERICA5_1           0.489      0.037     13.099      0.000      0.511
    ERICA6_1           0.410      0.039     10.393      0.000      0.590
    ERICA7_1           0.382      0.037     10.329      0.000      0.618
    ERICA8_1           0.424      0.040     10.676      0.000      0.576


QUALITY OF NUMERICAL RESULTS

     Condition Number for the Information Matrix              0.245E-02
       (ratio of smallest to largest eigenvalue)


MODEL MODIFICATION INDICES

Minimum M.I. value for printing the modification index    10.000

                                   M.I.     E.P.C.  Std E.P.C.  StdYX E.P.C.

ON Statements

ERICA1_1 ON ERICA2_1              41.589     0.201      0.201        0.201
ERICA2_1 ON ERICA1_1              41.590     0.201      0.201        0.201
ERICA3_1 ON ERICA5_1              37.492     0.198      0.198        0.198
ERICA5_1 ON ERICA3_1              37.490     0.198      0.198        0.198
ERICA5_1 ON ERICA8_1              10.761    -0.119     -0.119       -0.119
ERICA8_1 ON ERICA5_1              10.760    -0.119     -0.119       -0.119

WITH Statements

ERICA2_1 WITH ERICA1_1            41.589     0.201      0.201        0.295
ERICA5_1 WITH ERICA3_1            37.491     0.198      0.198        0.367
ERICA8_1 WITH ERICA5_1            10.760    -0.119     -0.119       -0.220


     Beginning Time:  16:25:04
        Ending Time:  16:25:04
       Elapsed Time:  00:00:00



MUTHEN & MUTHEN
3463 Stoner Ave.
Los Angeles, CA  90066

Tel: (310) 391-9971
Fax: (310) 391-8971
Web: www.StatModel.com
Support: Support@StatModel.com

Copyright (c) 1998-2019 Muthen & Muthen
