Mplus VERSION 8.4 (Mac)
MUTHEN & MUTHEN
12/16/2024   3:04 PM

INPUT INSTRUCTIONS

  Title: Student ERICA Baseline CFA;

  Data:
     File is ../dat_stu_1.txt;

  Variable:
     Names are studentid age gender grade country
     dass1_1 dass2_1 dass3_1 dass4_1 dass5_1 dass6_1 dass7_1
     dass8_1 dass9_1 dass10_1 dass11_1 dass12_1 dass13_1 dass14_1
     dass15_1 dass16_1 dass17_1 dass18_1 dass19_1 dass20_1 dass21_1
     phq1_1 phq2_1 phq3_1 phq4_1 phq5_1 phq6_1 phq7_1 phq8_1
     gad1_1 gad2_1 gad3_1 gad4_1 gad5_1 gad6_1 gad7_1
     ghq1_1 ghq2_1 ghq3_1 ghq4_1 ghq5_1 ghq6_1 ghq7_1 ghq8_1
     ghq9_1 ghq10_1 ghq11_1 ghq12_1
     erica1_1 erica2_1 erica3_1 erica4_1 erica5_1 erica6_1 erica7_1
     erica8_1 erica9_1 erica10_1 erica11_1 erica12_1 erica13_1
     erica14_1 erica15_1 erica16_1 erica17_1
     sswq1_1 sswq2_1 sswq3_1 sswq4_1 sswq5_1 sswq6_1 sswq7_1
     sswq8_1 sswq9_1 sswq10_1 sswq11_1 sswq12_1 sswq13_1 sswq14_1
     sswq15_1 sswq16_1 atti1_1 atti2_1 atti3_1 atti4_1 atti5_1 atti6_1
     half;
     Missing are . ;

    Usevariable are
  	erica1_1 erica2_1 erica3_1 erica4_1 erica5_1 erica6_1 erica7_1
    erica8_1 erica9_1 erica10_1 erica11_1 erica12_1 erica13_1
    erica14_1 erica15_1 erica16_1 erica17_1;

    Categorical is
  	erica1_1 erica2_1 erica3_1 erica4_1 erica5_1 erica6_1 erica7_1
    erica8_1 erica9_1 erica10_1 erica11_1 erica12_1 erica13_1
    erica14_1 erica15_1 erica16_1 erica17_1;

    Idvariable is studentid;

  Analysis:
     Estimator = wlsmv;

  Model:
    control by
      erica1_1 erica2_1 erica3_1 erica4_1 erica5_1 erica6_1 erica7_1 erica8_1;

    aware by
      erica9_1 erica10_1 erica11_1 erica12_1 erica13_1;

    response by
      erica14_1 erica15_1 erica16_1 erica17_1;

  Output: sampstat stdyx modindices(all);



*** WARNING in VARIABLE command
  Note that only the first 8 characters of variable names are used in the output.
  Shorten variable names to avoid any confusion.
*** WARNING
  Data set contains cases with missing on all variables.
  These cases were not included in the analysis.
  Number of cases with missing on all variables:  1
   2 WARNING(S) FOUND IN THE INPUT INSTRUCTIONS



Student ERICA Baseline CFA;

SUMMARY OF ANALYSIS

Number of groups                                                 1
Number of observations                                         539

Number of dependent variables                                   17
Number of independent variables                                  0
Number of continuous latent variables                            3

Observed dependent variables

  Binary and ordered categorical (ordinal)
   ERICA1_1    ERICA2_1    ERICA3_1    ERICA4_1    ERICA5_1    ERICA6_1
   ERICA7_1    ERICA8_1    ERICA9_1    ERICA10_    ERICA11_    ERICA12_
   ERICA13_    ERICA14_    ERICA15_    ERICA16_    ERICA17_

Continuous latent variables
   CONTROL     AWARE       RESPONSE

Variables with special functions

  ID variable           STUDENTI

Estimator                                                    WLSMV
Maximum number of iterations                                  1000
Convergence criterion                                    0.500D-04
Maximum number of steepest descent iterations                   20
Maximum number of iterations for H1                           2000
Convergence criterion for H1                             0.100D-03
Parameterization                                             DELTA
Link                                                        PROBIT

Input data file(s)
  ../dat_stu_1.txt

Input data format  FREE


SUMMARY OF DATA

     Number of missing data patterns             2


COVARIANCE COVERAGE OF DATA

Minimum covariance coverage value   0.100


     PROPORTION OF DATA PRESENT


           Covariance Coverage
              ERICA1_1      ERICA2_1      ERICA3_1      ERICA4_1      ERICA5_1
              ________      ________      ________      ________      ________
 ERICA1_1       1.000
 ERICA2_1       1.000         1.000
 ERICA3_1       1.000         1.000         1.000
 ERICA4_1       1.000         1.000         1.000         1.000
 ERICA5_1       1.000         1.000         1.000         1.000         1.000
 ERICA6_1       1.000         1.000         1.000         1.000         1.000
 ERICA7_1       1.000         1.000         1.000         1.000         1.000
 ERICA8_1       1.000         1.000         1.000         1.000         1.000
 ERICA9_1       1.000         1.000         1.000         1.000         1.000
 ERICA10_       1.000         1.000         1.000         1.000         1.000
 ERICA11_       1.000         1.000         1.000         1.000         1.000
 ERICA12_       1.000         1.000         1.000         1.000         1.000
 ERICA13_       0.998         0.998         0.998         0.998         0.998
 ERICA14_       0.998         0.998         0.998         0.998         0.998
 ERICA15_       0.998         0.998         0.998         0.998         0.998
 ERICA16_       0.998         0.998         0.998         0.998         0.998
 ERICA17_       0.998         0.998         0.998         0.998         0.998


           Covariance Coverage
              ERICA6_1      ERICA7_1      ERICA8_1      ERICA9_1      ERICA10_
              ________      ________      ________      ________      ________
 ERICA6_1       1.000
 ERICA7_1       1.000         1.000
 ERICA8_1       1.000         1.000         1.000
 ERICA9_1       1.000         1.000         1.000         1.000
 ERICA10_       1.000         1.000         1.000         1.000         1.000
 ERICA11_       1.000         1.000         1.000         1.000         1.000
 ERICA12_       1.000         1.000         1.000         1.000         1.000
 ERICA13_       0.998         0.998         0.998         0.998         0.998
 ERICA14_       0.998         0.998         0.998         0.998         0.998
 ERICA15_       0.998         0.998         0.998         0.998         0.998
 ERICA16_       0.998         0.998         0.998         0.998         0.998
 ERICA17_       0.998         0.998         0.998         0.998         0.998


           Covariance Coverage
              ERICA11_      ERICA12_      ERICA13_      ERICA14_      ERICA15_
              ________      ________      ________      ________      ________
 ERICA11_       1.000
 ERICA12_       1.000         1.000
 ERICA13_       0.998         0.998         0.998
 ERICA14_       0.998         0.998         0.998         0.998
 ERICA15_       0.998         0.998         0.998         0.998         0.998
 ERICA16_       0.998         0.998         0.998         0.998         0.998
 ERICA17_       0.998         0.998         0.998         0.998         0.998


           Covariance Coverage
              ERICA16_      ERICA17_
              ________      ________
 ERICA16_       0.998
 ERICA17_       0.998         0.998


UNIVARIATE PROPORTIONS AND COUNTS FOR CATEGORICAL VARIABLES

    ERICA1_1
      Category 1    0.072           39.000
      Category 2    0.217          117.000
      Category 3    0.265          143.000
      Category 4    0.243          131.000
      Category 5    0.202          109.000
    ERICA2_1
      Category 1    0.145           78.000
      Category 2    0.365          197.000
      Category 3    0.184           99.000
      Category 4    0.202          109.000
      Category 5    0.104           56.000
    ERICA3_1
      Category 1    0.056           30.000
      Category 2    0.143           77.000
      Category 3    0.145           78.000
      Category 4    0.269          145.000
      Category 5    0.388          209.000
    ERICA4_1
      Category 1    0.072           39.000
      Category 2    0.215          116.000
      Category 3    0.180           97.000
      Category 4    0.243          131.000
      Category 5    0.289          156.000
    ERICA5_1
      Category 1    0.020           11.000
      Category 2    0.165           89.000
      Category 3    0.199          107.000
      Category 4    0.295          159.000
      Category 5    0.321          173.000
    ERICA6_1
      Category 1    0.109           59.000
      Category 2    0.249          134.000
      Category 3    0.143           77.000
      Category 4    0.197          106.000
      Category 5    0.302          163.000
    ERICA7_1
      Category 1    0.095           51.000
      Category 2    0.252          136.000
      Category 3    0.212          114.000
      Category 4    0.217          117.000
      Category 5    0.224          121.000
    ERICA8_1
      Category 1    0.080           43.000
      Category 2    0.254          137.000
      Category 3    0.169           91.000
      Category 4    0.265          143.000
      Category 5    0.232          125.000
    ERICA9_1
      Category 1    0.078           42.000
      Category 2    0.176           95.000
      Category 3    0.206          111.000
      Category 4    0.250          135.000
      Category 5    0.289          156.000
    ERICA10_
      Category 1    0.007            4.000
      Category 2    0.037           20.000
      Category 3    0.165           89.000
      Category 4    0.421          227.000
      Category 5    0.369          199.000
    ERICA11_
      Category 1    0.065           35.000
      Category 2    0.128           69.000
      Category 3    0.213          115.000
      Category 4    0.427          230.000
      Category 5    0.167           90.000
    ERICA12_
      Category 1    0.121           65.000
      Category 2    0.265          143.000
      Category 3    0.204          110.000
      Category 4    0.223          120.000
      Category 5    0.187          101.000
    ERICA13_
      Category 1    0.033           18.000
      Category 2    0.050           27.000
      Category 3    0.151           81.000
      Category 4    0.513          276.000
      Category 5    0.253          136.000
    ERICA14_
      Category 1    0.020           11.000
      Category 2    0.043           23.000
      Category 3    0.065           35.000
      Category 4    0.381          205.000
      Category 5    0.491          264.000
    ERICA15_
      Category 1    0.065           35.000
      Category 2    0.125           67.000
      Category 3    0.257          138.000
      Category 4    0.388          209.000
      Category 5    0.165           89.000
    ERICA16_
      Category 1    0.020           11.000
      Category 2    0.037           20.000
      Category 3    0.050           27.000
      Category 4    0.335          180.000
      Category 5    0.558          300.000
    ERICA17_
      Category 1    0.004            2.000
      Category 2    0.030           16.000
      Category 3    0.061           33.000
      Category 4    0.236          127.000
      Category 5    0.669          360.000


SAMPLE STATISTICS


     ESTIMATED SAMPLE STATISTICS


           MEANS/INTERCEPTS/THRESHOLDS
              ERICA1_1      ERICA1_1      ERICA1_1      ERICA1_1      ERICA2_1
              ________      ________      ________      ________      ________
               -1.458        -0.555         0.138         0.834        -1.059


           MEANS/INTERCEPTS/THRESHOLDS
              ERICA2_1      ERICA2_1      ERICA2_1      ERICA3_1      ERICA3_1
              ________      ________      ________      ________      ________
                0.026         0.507         1.260        -1.592        -0.847


           MEANS/INTERCEPTS/THRESHOLDS
              ERICA3_1      ERICA3_1      ERICA4_1      ERICA4_1      ERICA4_1
              ________      ________      ________      ________      ________
               -0.404         0.285        -1.458        -0.560        -0.081


           MEANS/INTERCEPTS/THRESHOLDS
              ERICA4_1      ERICA5_1      ERICA5_1      ERICA5_1      ERICA5_1
              ________      ________      ________      ________      ________
                0.555        -2.045        -0.894        -0.295         0.465


           MEANS/INTERCEPTS/THRESHOLDS
              ERICA6_1      ERICA6_1      ERICA6_1      ERICA6_1      ERICA7_1
              ________      ________      ________      ________      ________
               -1.229        -0.364         0.002         0.517        -1.313


           MEANS/INTERCEPTS/THRESHOLDS
              ERICA7_1      ERICA7_1      ERICA7_1      ERICA8_1      ERICA8_1
              ________      ________      ________      ________      ________
               -0.394         0.147         0.757        -1.407        -0.429


           MEANS/INTERCEPTS/THRESHOLDS
              ERICA8_1      ERICA8_1      ERICA9_1      ERICA9_1      ERICA9_1
              ________      ________      ________      ________      ________
                0.007         0.733        -1.419        -0.661        -0.100


           MEANS/INTERCEPTS/THRESHOLDS
              ERICA9_1      ERICA10_      ERICA10_      ERICA10_      ERICA10_
              ________      ________      ________      ________      ________
                0.555        -2.436        -1.700        -0.808         0.334


           MEANS/INTERCEPTS/THRESHOLDS
              ERICA11_      ERICA11_      ERICA11_      ERICA11_      ERICA12_
              ________      ________      ________      ________      ________
               -1.515        -0.867        -0.237         0.966        -1.172


           MEANS/INTERCEPTS/THRESHOLDS
              ERICA12_      ERICA12_      ERICA12_      ERICA13_      ERICA13_
              ________      ________      ________      ________      ________
               -0.290         0.227         0.888        -1.832        -1.381


           MEANS/INTERCEPTS/THRESHOLDS
              ERICA13_      ERICA13_      ERICA14_      ERICA14_      ERICA14_
              ________      ________      ________      ________      ________
               -0.725         0.666        -2.045        -1.528        -1.135


           MEANS/INTERCEPTS/THRESHOLDS
              ERICA14_      ERICA15_      ERICA15_      ERICA15_      ERICA15_
              ________      ________      ________      ________      ________
                0.023        -1.514        -0.879        -0.136         0.972


           MEANS/INTERCEPTS/THRESHOLDS
              ERICA16_      ERICA16_      ERICA16_      ERICA16_      ERICA17_
              ________      ________      ________      ________      ________
               -2.045        -1.575        -1.238        -0.145        -2.677


           MEANS/INTERCEPTS/THRESHOLDS
              ERICA17_      ERICA17_      ERICA17_
              ________      ________      ________
               -1.832        -1.312        -0.438


           CORRELATION MATRIX (WITH VARIANCES ON THE DIAGONAL)
              ERICA1_1      ERICA2_1      ERICA3_1      ERICA4_1      ERICA5_1
              ________      ________      ________      ________      ________
 ERICA1_1
 ERICA2_1       0.459
 ERICA3_1       0.312         0.282
 ERICA4_1       0.355         0.307         0.338
 ERICA5_1       0.341         0.328         0.566         0.344
 ERICA6_1       0.375         0.289         0.399         0.403         0.441
 ERICA7_1       0.375         0.300         0.368         0.363         0.479
 ERICA8_1       0.364         0.343         0.434         0.432         0.375
 ERICA9_1       0.479         0.400         0.328         0.526         0.437
 ERICA10_       0.200         0.049         0.128         0.271         0.140
 ERICA11_       0.033        -0.030         0.007         0.096         0.039
 ERICA12_       0.401         0.269         0.241         0.397         0.337
 ERICA13_      -0.142        -0.150        -0.094        -0.068        -0.102
 ERICA14_      -0.135        -0.169        -0.047        -0.018         0.001
 ERICA15_      -0.206        -0.161        -0.207        -0.148        -0.100
 ERICA16_      -0.087        -0.129         0.039         0.023         0.130
 ERICA17_       0.144         0.093         0.193         0.198         0.192


           CORRELATION MATRIX (WITH VARIANCES ON THE DIAGONAL)
              ERICA6_1      ERICA7_1      ERICA8_1      ERICA9_1      ERICA10_
              ________      ________      ________      ________      ________
 ERICA7_1       0.383
 ERICA8_1       0.467         0.396
 ERICA9_1       0.475         0.487         0.527
 ERICA10_       0.217         0.133         0.276         0.448
 ERICA11_       0.128         0.029         0.151         0.164         0.355
 ERICA12_       0.369         0.382         0.359         0.503         0.276
 ERICA13_      -0.087        -0.087        -0.081        -0.027         0.209
 ERICA14_       0.072        -0.061        -0.055        -0.011         0.283
 ERICA15_      -0.125        -0.174        -0.158        -0.241        -0.060
 ERICA16_       0.032         0.003         0.058         0.042         0.255
 ERICA17_       0.368         0.100         0.277         0.193         0.264


           CORRELATION MATRIX (WITH VARIANCES ON THE DIAGONAL)
              ERICA11_      ERICA12_      ERICA13_      ERICA14_      ERICA15_
              ________      ________      ________      ________      ________
 ERICA12_       0.026
 ERICA13_       0.248        -0.093
 ERICA14_       0.270        -0.048         0.350
 ERICA15_       0.079        -0.197         0.122         0.250
 ERICA16_       0.289        -0.055         0.236         0.527         0.252
 ERICA17_       0.169         0.175         0.083         0.338         0.226


           CORRELATION MATRIX (WITH VARIANCES ON THE DIAGONAL)
              ERICA16_      ERICA17_
              ________      ________
 ERICA17_       0.305


THE MODEL ESTIMATION TERMINATED NORMALLY



MODEL FIT INFORMATION

Number of Free Parameters                       88

Chi-Square Test of Model Fit

          Value                            992.305*
          Degrees of Freedom                   116
          P-Value                           0.0000

*   The chi-square value for MLM, MLMV, MLR, ULSMV, WLSM and WLSMV cannot be used
    for chi-square difference testing in the regular way.  MLM, MLR and WLSM
    chi-square difference testing is described on the Mplus website.  MLMV, WLSMV,
    and ULSMV difference testing is done using the DIFFTEST option.

RMSEA (Root Mean Square Error Of Approximation)

          Estimate                           0.118
          90 Percent C.I.                    0.112  0.125
          Probability RMSEA <= .05           0.000

CFI/TLI

          CFI                                0.768
          TLI                                0.728

Chi-Square Test of Model Fit for the Baseline Model

          Value                           3913.629
          Degrees of Freedom                   136
          P-Value                           0.0000

SRMR (Standardized Root Mean Square Residual)

          Value                              0.093

Optimum Function Value for Weighted Least-Squares Estimator

          Value                     0.90649930D+00



MODEL RESULTS

                                                    Two-Tailed
                    Estimate       S.E.  Est./S.E.    P-Value

 CONTROL  BY
    ERICA1_1           1.000      0.000    999.000    999.000
    ERICA2_1           0.839      0.065     12.950      0.000
    ERICA3_1           0.972      0.066     14.670      0.000
    ERICA4_1           1.019      0.066     15.474      0.000
    ERICA5_1           1.080      0.065     16.557      0.000
    ERICA6_1           1.048      0.066     15.768      0.000
    ERICA7_1           1.016      0.062     16.273      0.000
    ERICA8_1           1.088      0.064     17.131      0.000

 AWARE    BY
    ERICA9_1           1.000      0.000    999.000    999.000
    ERICA10_1          0.494      0.053      9.328      0.000
    ERICA11_1          0.194      0.054      3.616      0.000
    ERICA12_1          0.717      0.044     16.289      0.000
    ERICA13_1         -0.089      0.055     -1.620      0.105

 RESPONSE BY
    ERICA14_1          1.000      0.000    999.000    999.000
    ERICA15_1          0.438      0.079      5.519      0.000
    ERICA16_1          0.989      0.132      7.509      0.000
    ERICA17_1          0.709      0.097      7.340      0.000

 AWARE    WITH
    CONTROL            0.457      0.029     16.028      0.000

 RESPONSE WITH
    CONTROL            0.004      0.025      0.154      0.878
    AWARE              0.074      0.040      1.855      0.064

 Thresholds
    ERICA1_1$1        -1.458      0.081    -18.000      0.000
    ERICA1_1$2        -0.555      0.057     -9.718      0.000
    ERICA1_1$3         0.138      0.054      2.541      0.011
    ERICA1_1$4         0.834      0.061     13.581      0.000
    ERICA2_1$1        -1.059      0.067    -15.913      0.000
    ERICA2_1$2         0.026      0.054      0.474      0.636
    ERICA2_1$3         0.507      0.057      8.958      0.000
    ERICA2_1$4         1.260      0.073     17.295      0.000
    ERICA3_1$1        -1.592      0.088    -18.107      0.000
    ERICA3_1$2        -0.847      0.062    -13.739      0.000
    ERICA3_1$3        -0.404      0.056     -7.259      0.000
    ERICA3_1$4         0.285      0.055      5.205      0.000
    ERICA4_1$1        -1.458      0.081    -18.000      0.000
    ERICA4_1$2        -0.560      0.057     -9.802      0.000
    ERICA4_1$3        -0.081      0.054     -1.507      0.132
    ERICA4_1$4         0.555      0.057      9.718      0.000
    ERICA5_1$1        -2.045      0.124    -16.542      0.000
    ERICA5_1$2        -0.894      0.063    -14.285      0.000
    ERICA5_1$3        -0.295      0.055     -5.376      0.000
    ERICA5_1$4         0.465      0.056      8.280      0.000
    ERICA6_1$1        -1.229      0.072    -17.129      0.000
    ERICA6_1$2        -0.364      0.055     -6.575      0.000
    ERICA6_1$3         0.002      0.054      0.043      0.966
    ERICA6_1$4         0.517      0.057      9.127      0.000
    ERICA7_1$1        -1.313      0.075    -17.549      0.000
    ERICA7_1$2        -0.394      0.056     -7.088      0.000
    ERICA7_1$3         0.147      0.054      2.713      0.007
    ERICA7_1$4         0.757      0.060     12.618      0.000
    ERICA8_1$1        -1.407      0.079    -17.880      0.000
    ERICA8_1$2        -0.429      0.056     -7.685      0.000
    ERICA8_1$3         0.007      0.054      0.129      0.897
    ERICA8_1$4         0.733      0.060     12.293      0.000
    ERICA9_1$1        -1.419      0.079    -17.913      0.000
    ERICA9_1$2        -0.661      0.059    -11.306      0.000
    ERICA9_1$3        -0.100      0.054     -1.852      0.064
    ERICA9_1$4         0.555      0.057      9.718      0.000
    ERICA10_$1        -2.436      0.180    -13.521      0.000
    ERICA10_$2        -1.700      0.095    -17.988      0.000
    ERICA10_$3        -0.808      0.061    -13.263      0.000
    ERICA10_$4         0.334      0.055      6.062      0.000
    ERICA11_$1        -1.515      0.084    -18.080      0.000
    ERICA11_$2        -0.867      0.062    -13.974      0.000
    ERICA11_$3        -0.237      0.055     -4.346      0.000
    ERICA11_$4         0.966      0.064     15.045      0.000
    ERICA12_$1        -1.172      0.070    -16.773      0.000
    ERICA12_$2        -0.290      0.055     -5.291      0.000
    ERICA12_$3         0.227      0.054      4.175      0.000
    ERICA12_$4         0.888      0.062     14.208      0.000
    ERICA13_$1        -1.832      0.104    -17.597      0.000
    ERICA13_$2        -1.381      0.078    -17.788      0.000
    ERICA13_$3        -0.725      0.060    -12.181      0.000
    ERICA13_$4         0.666      0.059     11.357      0.000
    ERICA14_$1        -2.045      0.124    -16.532      0.000
    ERICA14_$2        -1.528      0.085    -18.075      0.000
    ERICA14_$3        -1.135      0.069    -16.496      0.000
    ERICA14_$4         0.023      0.054      0.431      0.666
    ERICA15_$1        -1.514      0.084    -18.062      0.000
    ERICA15_$2        -0.879      0.062    -14.103      0.000
    ERICA15_$3        -0.136      0.054     -2.500      0.012
    ERICA15_$4         0.972      0.064     15.093      0.000
    ERICA16_$1        -2.045      0.124    -16.532      0.000
    ERICA16_$2        -1.575      0.087    -18.092      0.000
    ERICA16_$3        -1.238      0.072    -17.164      0.000
    ERICA16_$4        -0.145      0.054     -2.672      0.008
    ERICA17_$1        -2.677      0.236    -11.318      0.000
    ERICA17_$2        -1.832      0.104    -17.597      0.000
    ERICA17_$3        -1.312      0.075    -17.528      0.000
    ERICA17_$4        -0.438      0.056     -7.820      0.000

 Variances
    CONTROL            0.381      0.037     10.373      0.000
    AWARE              0.772      0.051     15.209      0.000
    RESPONSE           0.521      0.078      6.671      0.000


STANDARDIZED MODEL RESULTS


STDYX Standardization

                                                    Two-Tailed
                    Estimate       S.E.  Est./S.E.    P-Value

 CONTROL  BY
    ERICA1_1           0.617      0.030     20.747      0.000
    ERICA2_1           0.518      0.036     14.563      0.000
    ERICA3_1           0.599      0.032     19.016      0.000
    ERICA4_1           0.629      0.031     20.562      0.000
    ERICA5_1           0.667      0.028     24.133      0.000
    ERICA6_1           0.647      0.030     21.240      0.000
    ERICA7_1           0.627      0.029     21.368      0.000
    ERICA8_1           0.672      0.028     23.648      0.000

 AWARE    BY
    ERICA9_1           0.879      0.029     30.418      0.000
    ERICA10_1          0.434      0.042     10.303      0.000
    ERICA11_1          0.171      0.046      3.690      0.000
    ERICA12_1          0.630      0.033     19.176      0.000
    ERICA13_1         -0.078      0.048     -1.620      0.105

 RESPONSE BY
    ERICA14_1          0.722      0.054     13.342      0.000
    ERICA15_1          0.316      0.051      6.160      0.000
    ERICA16_1          0.714      0.054     13.112      0.000
    ERICA17_1          0.512      0.053      9.685      0.000

 AWARE    WITH
    CONTROL            0.844      0.024     34.674      0.000

 RESPONSE WITH
    CONTROL            0.009      0.056      0.154      0.878
    AWARE              0.116      0.062      1.870      0.062

 Thresholds
    ERICA1_1$1        -1.458      0.081    -18.000      0.000
    ERICA1_1$2        -0.555      0.057     -9.718      0.000
    ERICA1_1$3         0.138      0.054      2.541      0.011
    ERICA1_1$4         0.834      0.061     13.581      0.000
    ERICA2_1$1        -1.059      0.067    -15.913      0.000
    ERICA2_1$2         0.026      0.054      0.474      0.636
    ERICA2_1$3         0.507      0.057      8.958      0.000
    ERICA2_1$4         1.260      0.073     17.295      0.000
    ERICA3_1$1        -1.592      0.088    -18.107      0.000
    ERICA3_1$2        -0.847      0.062    -13.739      0.000
    ERICA3_1$3        -0.404      0.056     -7.259      0.000
    ERICA3_1$4         0.285      0.055      5.205      0.000
    ERICA4_1$1        -1.458      0.081    -18.000      0.000
    ERICA4_1$2        -0.560      0.057     -9.802      0.000
    ERICA4_1$3        -0.081      0.054     -1.507      0.132
    ERICA4_1$4         0.555      0.057      9.718      0.000
    ERICA5_1$1        -2.045      0.124    -16.542      0.000
    ERICA5_1$2        -0.894      0.063    -14.285      0.000
    ERICA5_1$3        -0.295      0.055     -5.376      0.000
    ERICA5_1$4         0.465      0.056      8.280      0.000
    ERICA6_1$1        -1.229      0.072    -17.129      0.000
    ERICA6_1$2        -0.364      0.055     -6.575      0.000
    ERICA6_1$3         0.002      0.054      0.043      0.966
    ERICA6_1$4         0.517      0.057      9.127      0.000
    ERICA7_1$1        -1.313      0.075    -17.549      0.000
    ERICA7_1$2        -0.394      0.056     -7.088      0.000
    ERICA7_1$3         0.147      0.054      2.713      0.007
    ERICA7_1$4         0.757      0.060     12.618      0.000
    ERICA8_1$1        -1.407      0.079    -17.880      0.000
    ERICA8_1$2        -0.429      0.056     -7.685      0.000
    ERICA8_1$3         0.007      0.054      0.129      0.897
    ERICA8_1$4         0.733      0.060     12.293      0.000
    ERICA9_1$1        -1.419      0.079    -17.913      0.000
    ERICA9_1$2        -0.661      0.059    -11.306      0.000
    ERICA9_1$3        -0.100      0.054     -1.852      0.064
    ERICA9_1$4         0.555      0.057      9.718      0.000
    ERICA10_$1        -2.436      0.180    -13.521      0.000
    ERICA10_$2        -1.700      0.095    -17.988      0.000
    ERICA10_$3        -0.808      0.061    -13.263      0.000
    ERICA10_$4         0.334      0.055      6.062      0.000
    ERICA11_$1        -1.515      0.084    -18.080      0.000
    ERICA11_$2        -0.867      0.062    -13.974      0.000
    ERICA11_$3        -0.237      0.055     -4.346      0.000
    ERICA11_$4         0.966      0.064     15.045      0.000
    ERICA12_$1        -1.172      0.070    -16.773      0.000
    ERICA12_$2        -0.290      0.055     -5.291      0.000
    ERICA12_$3         0.227      0.054      4.175      0.000
    ERICA12_$4         0.888      0.062     14.208      0.000
    ERICA13_$1        -1.832      0.104    -17.597      0.000
    ERICA13_$2        -1.381      0.078    -17.788      0.000
    ERICA13_$3        -0.725      0.060    -12.181      0.000
    ERICA13_$4         0.666      0.059     11.357      0.000
    ERICA14_$1        -2.045      0.124    -16.532      0.000
    ERICA14_$2        -1.528      0.085    -18.075      0.000
    ERICA14_$3        -1.135      0.069    -16.496      0.000
    ERICA14_$4         0.023      0.054      0.431      0.666
    ERICA15_$1        -1.514      0.084    -18.062      0.000
    ERICA15_$2        -0.879      0.062    -14.103      0.000
    ERICA15_$3        -0.136      0.054     -2.500      0.012
    ERICA15_$4         0.972      0.064     15.093      0.000
    ERICA16_$1        -2.045      0.124    -16.532      0.000
    ERICA16_$2        -1.575      0.087    -18.092      0.000
    ERICA16_$3        -1.238      0.072    -17.164      0.000
    ERICA16_$4        -0.145      0.054     -2.672      0.008
    ERICA17_$1        -2.677      0.236    -11.318      0.000
    ERICA17_$2        -1.832      0.104    -17.597      0.000
    ERICA17_$3        -1.312      0.075    -17.528      0.000
    ERICA17_$4        -0.438      0.056     -7.820      0.000

 Variances
    CONTROL            1.000      0.000    999.000    999.000
    AWARE              1.000      0.000    999.000    999.000
    RESPONSE           1.000      0.000    999.000    999.000


R-SQUARE

    Observed                                        Two-Tailed   Residual
    Variable        Estimate       S.E.  Est./S.E.    P-Value    Variance

    ERICA1_1           0.381      0.037     10.373      0.000      0.619
    ERICA2_1           0.268      0.037      7.281      0.000      0.732
    ERICA3_1           0.359      0.038      9.508      0.000      0.641
    ERICA4_1           0.395      0.038     10.281      0.000      0.605
    ERICA5_1           0.444      0.037     12.066      0.000      0.556
    ERICA6_1           0.418      0.039     10.620      0.000      0.582
    ERICA7_1           0.393      0.037     10.684      0.000      0.607
    ERICA8_1           0.451      0.038     11.824      0.000      0.549
    ERICA9_1           0.772      0.051     15.209      0.000      0.228
    ERICA10_           0.188      0.037      5.151      0.000      0.812
    ERICA11_           0.029      0.016      1.845      0.065      0.971
    ERICA12_           0.397      0.041      9.588      0.000      0.603
    ERICA13_           0.006      0.008      0.810      0.418      0.994
    ERICA14_           0.521      0.078      6.671      0.000      0.479
    ERICA15_           0.100      0.033      3.080      0.002      0.900
    ERICA16_           0.509      0.078      6.556      0.000      0.491
    ERICA17_           0.262      0.054      4.842      0.000      0.738


QUALITY OF NUMERICAL RESULTS

     Condition Number for the Information Matrix              0.127E-02
       (ratio of smallest to largest eigenvalue)


MODEL MODIFICATION INDICES

Minimum M.I. value for printing the modification index    10.000

                                   M.I.     E.P.C.  Std E.P.C.  StdYX E.P.C.

ON/BY Statements

ERICA1_1 ON RESPONSE /
RESPONSE BY ERICA1_1              11.383    -0.205     -0.148       -0.148
ERICA2_1 ON RESPONSE /
RESPONSE BY ERICA2_1              21.462    -0.277     -0.200       -0.200
ERICA3_1 ON AWARE    /
AWARE    BY ERICA3_1              20.215    -0.733     -0.644       -0.644
ERICA4_1 ON AWARE    /
AWARE    BY ERICA4_1              11.364     0.511      0.449        0.449
ERICA6_1 ON RESPONSE /
RESPONSE BY ERICA6_1              18.394     0.264      0.191        0.191
ERICA9_1 ON RESPONSE /
RESPONSE BY ERICA9_1              11.755    -0.298     -0.215       -0.215
ERICA10_ ON CONTROL  /
CONTROL  BY ERICA10_              46.238    -1.612     -0.994       -0.994
ERICA10_ ON RESPONSE /
RESPONSE BY ERICA10_              68.856     0.509      0.367        0.367
ERICA11_ ON CONTROL  /
CONTROL  BY ERICA11_              27.190    -1.074     -0.663       -0.663
ERICA11_ ON RESPONSE /
RESPONSE BY ERICA11_              80.443     0.504      0.364        0.364
ERICA12_ ON CONTROL  /
CONTROL  BY ERICA12_              22.307     1.500      0.925        0.925
ERICA12_ ON RESPONSE /
RESPONSE BY ERICA12_              14.709    -0.261     -0.188       -0.188
ERICA13_ ON CONTROL  /
CONTROL  BY ERICA13_              71.328    -1.813     -1.119       -1.119
ERICA13_ ON RESPONSE /
RESPONSE BY ERICA13_             115.052     0.570      0.412        0.412
ERICA14_ ON CONTROL  /
CONTROL  BY ERICA14_              13.277    -0.183     -0.113       -0.113
ERICA14_ ON AWARE    /
AWARE    BY ERICA14_              11.361    -0.128     -0.113       -0.113
ERICA15_ ON CONTROL  /
CONTROL  BY ERICA15_             189.741    -0.504     -0.311       -0.311
ERICA15_ ON AWARE    /
AWARE    BY ERICA15_             194.216    -0.384     -0.337       -0.337
ERICA17_ ON CONTROL  /
CONTROL  BY ERICA17_             192.764     0.628      0.388        0.388
ERICA17_ ON AWARE    /
AWARE    BY ERICA17_             185.631     0.466      0.409        0.409

ON Statements

CONTROL  ON ERICA3_1              23.027     0.154      0.250        0.250
CONTROL  ON ERICA4_1              11.351    -0.100     -0.162       -0.162
CONTROL  ON ERICA10_              22.878    -0.134     -0.217       -0.217
CONTROL  ON ERICA12_              15.134     0.154      0.249        0.249
CONTROL  ON ERICA13_              32.174    -0.145     -0.235       -0.235
CONTROL  ON ERICA14_              15.457    -0.086     -0.140       -0.140
CONTROL  ON ERICA15_             119.425    -0.175     -0.284       -0.284
CONTROL  ON ERICA17_             156.007     0.245      0.398        0.398
AWARE    ON ERICA3_1              23.039    -0.185     -0.211       -0.211
AWARE    ON ERICA4_1              11.312     0.120      0.136        0.136
AWARE    ON ERICA10_              13.434     0.174      0.198        0.198
AWARE    ON ERICA12_              10.736    -0.221     -0.251       -0.251
AWARE    ON ERICA13_              17.133     0.179      0.203        0.203
AWARE    ON ERICA15_              74.402    -0.292     -0.332       -0.332
AWARE    ON ERICA17_              36.914     0.260      0.296        0.296
RESPONSE ON ERICA1_1              13.052    -0.115     -0.159       -0.159
RESPONSE ON ERICA2_1              20.585    -0.142     -0.197       -0.197
RESPONSE ON ERICA6_1              18.294     0.138      0.192        0.192
RESPONSE ON ERICA9_1              11.632    -0.154     -0.213       -0.213
RESPONSE ON ERICA10_              63.608     0.254      0.352        0.352
RESPONSE ON ERICA11_              77.477     0.257      0.356        0.356
RESPONSE ON ERICA12_              13.058    -0.128     -0.177       -0.177
RESPONSE ON ERICA13_             107.511     0.286      0.397        0.397
RESPONSE ON ERICA15_              95.581     2.327      3.224        3.224
RESPONSE ON ERICA17_              55.545    -2.243     -3.106       -3.106
ERICA1_1 ON ERICA2_1              21.542     0.178      0.178        0.178
ERICA1_1 ON ERICA14_              12.708    -0.106     -0.106       -0.106
ERICA1_1 ON ERICA15_              27.129    -0.201     -0.201       -0.201
ERICA2_1 ON ERICA1_1              21.542     0.178      0.178        0.178
ERICA2_1 ON ERICA10_              11.403    -0.157     -0.157       -0.157
ERICA2_1 ON ERICA14_              20.877    -0.137     -0.137       -0.137
ERICA2_1 ON ERICA15_              21.748    -0.177     -0.177       -0.177
ERICA2_1 ON ERICA16_              16.232    -0.125     -0.125       -0.125
ERICA3_1 ON ERICA5_1              42.910     0.243      0.243        0.243
ERICA3_1 ON ERICA9_1              13.265    -0.143     -0.143       -0.143
ERICA3_1 ON ERICA15_              18.484    -0.170     -0.170       -0.170
ERICA4_1 ON ERICA17_              10.746     0.126      0.126        0.126
ERICA5_1 ON ERICA3_1              42.911     0.243      0.243        0.243
ERICA5_1 ON ERICA17_              15.107     0.146      0.146        0.146
ERICA6_1 ON ERICA17_              60.809     0.276      0.276        0.276
ERICA7_1 ON ERICA15_              16.936    -0.154     -0.154       -0.154
ERICA8_1 ON ERICA17_              21.036     0.177      0.177        0.177
ERICA9_1 ON ERICA15_              47.811    -0.283     -0.283       -0.283
ERICA10_ ON ERICA2_1              17.196    -0.194     -0.194       -0.194
ERICA10_ ON ERICA3_1              10.728    -0.149     -0.149       -0.149
ERICA10_ ON ERICA5_1              12.818    -0.174     -0.174       -0.174
ERICA10_ ON ERICA7_1              11.730    -0.158     -0.158       -0.158
ERICA10_ ON ERICA11_              49.871     0.301      0.301        0.301
ERICA10_ ON ERICA13_              31.887     0.257      0.257        0.257
ERICA10_ ON ERICA14_              55.730     0.227      0.227        0.227
ERICA10_ ON ERICA16_              50.227     0.219      0.219        0.219
ERICA10_ ON ERICA17_              51.233     0.281      0.281        0.281
ERICA11_ ON ERICA2_1              10.651    -0.139     -0.139       -0.139
ERICA11_ ON ERICA10_              49.871     0.301      0.301        0.301
ERICA11_ ON ERICA13_              41.339     0.265      0.265        0.265
ERICA11_ ON ERICA14_              62.368     0.224      0.224        0.224
ERICA11_ ON ERICA15_              16.740     0.150      0.150        0.150
ERICA11_ ON ERICA16_              65.914     0.236      0.236        0.236
ERICA11_ ON ERICA17_              41.149     0.234      0.234        0.234
ERICA12_ ON ERICA14_              11.058    -0.108     -0.108       -0.108
ERICA12_ ON ERICA15_              32.840    -0.224     -0.224       -0.224
ERICA12_ ON ERICA16_              11.341    -0.117     -0.117       -0.117
ERICA13_ ON ERICA1_1              15.307    -0.170     -0.170       -0.170
ERICA13_ ON ERICA2_1              15.343    -0.182     -0.182       -0.182
ERICA13_ ON ERICA10_              31.886     0.257      0.257        0.257
ERICA13_ ON ERICA11_              41.339     0.265      0.265        0.265
ERICA13_ ON ERICA14_             110.855     0.265      0.265        0.265
ERICA13_ ON ERICA15_              34.193     0.225      0.225        0.225
ERICA13_ ON ERICA16_              76.555     0.247      0.247        0.247
ERICA13_ ON ERICA17_              42.698     0.246      0.246        0.246
ERICA14_ ON ERICA1_1              17.740    -0.130     -0.130       -0.130
ERICA14_ ON ERICA2_1              21.884    -0.161     -0.161       -0.161
ERICA14_ ON ERICA7_1              10.045    -0.102     -0.102       -0.102
ERICA14_ ON ERICA9_1              11.049    -0.090     -0.090       -0.090
ERICA14_ ON ERICA11_              20.670     0.203      0.203        0.203
ERICA14_ ON ERICA12_              12.495    -0.114     -0.114       -0.114
ERICA14_ ON ERICA13_              82.319     0.366      0.366        0.366
ERICA15_ ON ERICA1_1             144.487    -0.297     -0.297       -0.297
ERICA15_ ON ERICA2_1             122.789    -0.303     -0.303       -0.303
ERICA15_ ON ERICA3_1             144.566    -0.307     -0.307       -0.307
ERICA15_ ON ERICA4_1             128.666    -0.280     -0.280       -0.280
ERICA15_ ON ERICA5_1             116.836    -0.254     -0.254       -0.254
ERICA15_ ON ERICA6_1             123.817    -0.271     -0.271       -0.271
ERICA15_ ON ERICA7_1             133.765    -0.278     -0.278       -0.278
ERICA15_ ON ERICA8_1             132.600    -0.268     -0.268       -0.268
ERICA15_ ON ERICA9_1             167.076    -0.254     -0.254       -0.254
ERICA15_ ON ERICA10_              85.527    -0.298     -0.298       -0.298
ERICA15_ ON ERICA12_             147.224    -0.304     -0.304       -0.304
ERICA15_ ON ERICA13_              22.536     0.207      0.207        0.207
ERICA16_ ON ERICA10_              17.623     0.161      0.161        0.161
ERICA16_ ON ERICA11_              33.456     0.265      0.265        0.265
ERICA16_ ON ERICA13_              25.088     0.234      0.234        0.234
ERICA17_ ON ERICA1_1             121.081     0.340      0.340        0.340
ERICA17_ ON ERICA2_1              99.369     0.343      0.343        0.343
ERICA17_ ON ERICA3_1             128.622     0.343      0.343        0.343
ERICA17_ ON ERICA4_1             132.954     0.344      0.344        0.344
ERICA17_ ON ERICA5_1             131.823     0.323      0.323        0.323
ERICA17_ ON ERICA6_1             184.791     0.375      0.375        0.375
ERICA17_ ON ERICA7_1             114.350     0.333      0.333        0.333
ERICA17_ ON ERICA8_1             155.948     0.356      0.356        0.356
ERICA17_ ON ERICA9_1             123.831     0.275      0.275        0.275
ERICA17_ ON ERICA10_             119.279     0.421      0.421        0.421
ERICA17_ ON ERICA11_              44.236     0.316      0.316        0.316
ERICA17_ ON ERICA12_             109.159     0.322      0.322        0.322

WITH Statements

ERICA1_1 WITH RESPONSE            13.052    -0.115     -0.159       -0.202
ERICA2_1 WITH RESPONSE            20.585    -0.142     -0.197       -0.231
ERICA2_1 WITH ERICA1_1            21.542     0.178      0.178        0.265
ERICA3_1 WITH CONTROL             23.029     0.154      0.250        0.312
ERICA3_1 WITH AWARE               23.039    -0.185     -0.211       -0.263
ERICA4_1 WITH CONTROL             11.349    -0.100     -0.162       -0.208
ERICA4_1 WITH AWARE               11.312     0.120      0.136        0.175
ERICA5_1 WITH ERICA3_1            42.912     0.243      0.243        0.407
ERICA6_1 WITH RESPONSE            18.294     0.138      0.192        0.251
ERICA9_1 WITH RESPONSE            11.633    -0.154     -0.213       -0.447
ERICA10_ WITH CONTROL             22.877    -0.134     -0.217       -0.241
ERICA10_ WITH AWARE               13.434     0.174      0.198        0.220
ERICA10_ WITH RESPONSE            63.608     0.254      0.352        0.391
ERICA11_ WITH RESPONSE            77.477     0.257      0.356        0.362
ERICA11_ WITH ERICA10_            49.871     0.301      0.301        0.339
ERICA12_ WITH CONTROL             15.136     0.154      0.249        0.320
ERICA12_ WITH AWARE               10.735    -0.221     -0.251       -0.323
ERICA12_ WITH RESPONSE            13.059    -0.128     -0.177       -0.228
ERICA13_ WITH CONTROL             32.174    -0.145     -0.235       -0.235
ERICA13_ WITH AWARE               17.133     0.179      0.203        0.204
ERICA13_ WITH RESPONSE           107.511     0.286      0.397        0.398
ERICA13_ WITH ERICA10_            31.887     0.257      0.257        0.286
ERICA13_ WITH ERICA11_            41.339     0.265      0.265        0.269
ERICA14_ WITH CONTROL             15.457    -0.086     -0.140       -0.202
ERICA14_ WITH ERICA2_1            13.444    -0.178     -0.178       -0.301
ERICA14_ WITH ERICA10_            28.980     0.262      0.262        0.421
ERICA14_ WITH ERICA11_            30.813     0.259      0.259        0.380
ERICA14_ WITH ERICA13_            77.875     0.359      0.359        0.520
ERICA15_ WITH CONTROL            119.426    -0.175     -0.284       -0.299
ERICA15_ WITH AWARE               74.402    -0.292     -0.332       -0.350
ERICA15_ WITH RESPONSE            95.584     2.327      3.224        3.398
ERICA15_ WITH ERICA1_1            23.246    -0.210     -0.210       -0.281
ERICA15_ WITH ERICA2_1            14.648    -0.164     -0.164       -0.202
ERICA15_ WITH ERICA3_1            22.175    -0.211     -0.211       -0.277
ERICA15_ WITH ERICA4_1            11.478    -0.151     -0.151       -0.205
ERICA15_ WITH ERICA7_1            17.680    -0.178     -0.178       -0.240
ERICA15_ WITH ERICA8_1            13.700    -0.162     -0.162       -0.230
ERICA15_ WITH ERICA9_1            44.205    -0.291     -0.291       -0.643
ERICA15_ WITH ERICA12_            27.738    -0.228     -0.228       -0.309
ERICA16_ WITH ERICA10_            22.239     0.233      0.233        0.369
ERICA16_ WITH ERICA11_            33.564     0.278      0.278        0.402
ERICA16_ WITH ERICA13_            26.785     0.244      0.244        0.349
ERICA17_ WITH CONTROL            156.007     0.245      0.398        0.463
ERICA17_ WITH AWARE               36.914     0.260      0.296        0.345
ERICA17_ WITH RESPONSE            55.542    -2.243     -3.106       -3.617
ERICA17_ WITH ERICA3_1            15.010     0.195      0.195        0.284
ERICA17_ WITH ERICA4_1            14.800     0.200      0.200        0.299
ERICA17_ WITH ERICA5_1            14.967     0.194      0.194        0.303
ERICA17_ WITH ERICA6_1            64.378     0.376      0.376        0.574
ERICA17_ WITH ERICA8_1            29.455     0.281      0.281        0.442
ERICA17_ WITH ERICA10_            21.124     0.244      0.244        0.315
ERICA17_ WITH ERICA11_            10.018     0.160      0.160        0.189


     Beginning Time:  15:04:03
        Ending Time:  15:04:03
       Elapsed Time:  00:00:00



MUTHEN & MUTHEN
3463 Stoner Ave.
Los Angeles, CA  90066

Tel: (310) 391-9971
Fax: (310) 391-8971
Web: www.StatModel.com
Support: Support@StatModel.com

Copyright (c) 1998-2019 Muthen & Muthen
