Mplus VERSION 8.4 (Mac)
MUTHEN & MUTHEN
12/17/2024  10:14 AM

INPUT INSTRUCTIONS

  Title: Student ERICA Baseline CFA;

  Data:
     File is ../dat_stu_1.txt;

  Variable:
     Names are studentid age gender grade country
     dass1_1 dass2_1 dass3_1 dass4_1 dass5_1 dass6_1 dass7_1
     dass8_1 dass9_1 dass10_1 dass11_1 dass12_1 dass13_1 dass14_1
     dass15_1 dass16_1 dass17_1 dass18_1 dass19_1 dass20_1 dass21_1
     phq1_1 phq2_1 phq3_1 phq4_1 phq5_1 phq6_1 phq7_1 phq8_1
     gad1_1 gad2_1 gad3_1 gad4_1 gad5_1 gad6_1 gad7_1
     ghq1_1 ghq2_1 ghq3_1 ghq4_1 ghq5_1 ghq6_1 ghq7_1 ghq8_1
     ghq9_1 ghq10_1 ghq11_1 ghq12_1
     erica1_1 erica2_1 erica3_1 erica4_1 erica5_1 erica6_1 erica7_1
     erica8_1 erica9_1 erica10_1 erica11_1 erica12_1 erica13_1
     erica14_1 erica15_1 erica16_1 erica17_1
     sswq1_1 sswq2_1 sswq3_1 sswq4_1 sswq5_1 sswq6_1 sswq7_1
     sswq8_1 sswq9_1 sswq10_1 sswq11_1 sswq12_1 sswq13_1 sswq14_1
     sswq15_1 sswq16_1 atti1_1 atti2_1 atti3_1 atti4_1 atti5_1 atti6_1
     half;
     Missing are . ;

    Usevariable are
  	erica1_1 erica2_1 erica3_1 erica4_1 erica5_1 erica6_1 erica7_1
     erica8_1 erica9_1 erica10_1 erica11_1 erica12_1 erica13_1
     erica14_1 erica15_1 erica16_1 erica17_1;

    Categorical is
  	erica1_1 erica2_1 erica3_1 erica4_1 erica5_1 erica6_1 erica7_1
     erica8_1 erica9_1 erica10_1 erica11_1 erica12_1 erica13_1
     erica14_1 erica15_1 erica16_1 erica17_1;

    Idvariable is studentid;

    Useobservations is half eq 0;

  Analysis:
     Estimator = wlsmv;

  Model:
    ericapos by
      erica10_1 erica11_1 erica13_1 erica14_1 erica15_1 erica16_1;

    ericaneg by
      erica1_1 erica2_1 erica3_1 erica4_1 erica5_1 erica6_1 erica7_1 erica8_1
      erica9_1 erica12_1 erica17_1;

  Output: sampstat stdyx modindices(all);



*** WARNING in VARIABLE command
  Note that only the first 8 characters of variable names are used in the output.
  Shorten variable names to avoid any confusion.
   1 WARNING(S) FOUND IN THE INPUT INSTRUCTIONS



Student ERICA Baseline CFA;

SUMMARY OF ANALYSIS

Number of groups                                                 1
Number of observations                                         270

Number of dependent variables                                   17
Number of independent variables                                  0
Number of continuous latent variables                            2

Observed dependent variables

  Binary and ordered categorical (ordinal)
   ERICA1_1    ERICA2_1    ERICA3_1    ERICA4_1    ERICA5_1    ERICA6_1
   ERICA7_1    ERICA8_1    ERICA9_1    ERICA10_    ERICA11_    ERICA12_
   ERICA13_    ERICA14_    ERICA15_    ERICA16_    ERICA17_

Continuous latent variables
   ERICAPOS    ERICANEG

Variables with special functions

  ID variable           STUDENTI

Estimator                                                    WLSMV
Maximum number of iterations                                  1000
Convergence criterion                                    0.500D-04
Maximum number of steepest descent iterations                   20
Maximum number of iterations for H1                           2000
Convergence criterion for H1                             0.100D-03
Parameterization                                             DELTA
Link                                                        PROBIT

Input data file(s)
  ../dat_stu_1.txt

Input data format  FREE


SUMMARY OF DATA

     Number of missing data patterns             2


COVARIANCE COVERAGE OF DATA

Minimum covariance coverage value   0.100


     PROPORTION OF DATA PRESENT


           Covariance Coverage
              ERICA1_1      ERICA2_1      ERICA3_1      ERICA4_1      ERICA5_1
              ________      ________      ________      ________      ________
 ERICA1_1       1.000
 ERICA2_1       1.000         1.000
 ERICA3_1       1.000         1.000         1.000
 ERICA4_1       1.000         1.000         1.000         1.000
 ERICA5_1       1.000         1.000         1.000         1.000         1.000
 ERICA6_1       1.000         1.000         1.000         1.000         1.000
 ERICA7_1       1.000         1.000         1.000         1.000         1.000
 ERICA8_1       1.000         1.000         1.000         1.000         1.000
 ERICA9_1       1.000         1.000         1.000         1.000         1.000
 ERICA10_       1.000         1.000         1.000         1.000         1.000
 ERICA11_       1.000         1.000         1.000         1.000         1.000
 ERICA12_       1.000         1.000         1.000         1.000         1.000
 ERICA13_       0.996         0.996         0.996         0.996         0.996
 ERICA14_       0.996         0.996         0.996         0.996         0.996
 ERICA15_       0.996         0.996         0.996         0.996         0.996
 ERICA16_       0.996         0.996         0.996         0.996         0.996
 ERICA17_       0.996         0.996         0.996         0.996         0.996


           Covariance Coverage
              ERICA6_1      ERICA7_1      ERICA8_1      ERICA9_1      ERICA10_
              ________      ________      ________      ________      ________
 ERICA6_1       1.000
 ERICA7_1       1.000         1.000
 ERICA8_1       1.000         1.000         1.000
 ERICA9_1       1.000         1.000         1.000         1.000
 ERICA10_       1.000         1.000         1.000         1.000         1.000
 ERICA11_       1.000         1.000         1.000         1.000         1.000
 ERICA12_       1.000         1.000         1.000         1.000         1.000
 ERICA13_       0.996         0.996         0.996         0.996         0.996
 ERICA14_       0.996         0.996         0.996         0.996         0.996
 ERICA15_       0.996         0.996         0.996         0.996         0.996
 ERICA16_       0.996         0.996         0.996         0.996         0.996
 ERICA17_       0.996         0.996         0.996         0.996         0.996


           Covariance Coverage
              ERICA11_      ERICA12_      ERICA13_      ERICA14_      ERICA15_
              ________      ________      ________      ________      ________
 ERICA11_       1.000
 ERICA12_       1.000         1.000
 ERICA13_       0.996         0.996         0.996
 ERICA14_       0.996         0.996         0.996         0.996
 ERICA15_       0.996         0.996         0.996         0.996         0.996
 ERICA16_       0.996         0.996         0.996         0.996         0.996
 ERICA17_       0.996         0.996         0.996         0.996         0.996


           Covariance Coverage
              ERICA16_      ERICA17_
              ________      ________
 ERICA16_       0.996
 ERICA17_       0.996         0.996


UNIVARIATE PROPORTIONS AND COUNTS FOR CATEGORICAL VARIABLES

    ERICA1_1
      Category 1    0.070           19.000
      Category 2    0.207           56.000
      Category 3    0.274           74.000
      Category 4    0.252           68.000
      Category 5    0.196           53.000
    ERICA2_1
      Category 1    0.144           39.000
      Category 2    0.389          105.000
      Category 3    0.181           49.000
      Category 4    0.189           51.000
      Category 5    0.096           26.000
    ERICA3_1
      Category 1    0.048           13.000
      Category 2    0.126           34.000
      Category 3    0.144           39.000
      Category 4    0.278           75.000
      Category 5    0.404          109.000
    ERICA4_1
      Category 1    0.074           20.000
      Category 2    0.222           60.000
      Category 3    0.170           46.000
      Category 4    0.256           69.000
      Category 5    0.278           75.000
    ERICA5_1
      Category 1    0.026            7.000
      Category 2    0.163           44.000
      Category 3    0.200           54.000
      Category 4    0.285           77.000
      Category 5    0.326           88.000
    ERICA6_1
      Category 1    0.111           30.000
      Category 2    0.244           66.000
      Category 3    0.163           44.000
      Category 4    0.181           49.000
      Category 5    0.300           81.000
    ERICA7_1
      Category 1    0.111           30.000
      Category 2    0.248           67.000
      Category 3    0.215           58.000
      Category 4    0.181           49.000
      Category 5    0.244           66.000
    ERICA8_1
      Category 1    0.089           24.000
      Category 2    0.259           70.000
      Category 3    0.174           47.000
      Category 4    0.274           74.000
      Category 5    0.204           55.000
    ERICA9_1
      Category 1    0.089           24.000
      Category 2    0.204           55.000
      Category 3    0.189           51.000
      Category 4    0.233           63.000
      Category 5    0.285           77.000
    ERICA10_
      Category 1    0.004            1.000
      Category 2    0.044           12.000
      Category 3    0.189           51.000
      Category 4    0.396          107.000
      Category 5    0.367           99.000
    ERICA11_
      Category 1    0.078           21.000
      Category 2    0.119           32.000
      Category 3    0.207           56.000
      Category 4    0.415          112.000
      Category 5    0.181           49.000
    ERICA12_
      Category 1    0.126           34.000
      Category 2    0.267           72.000
      Category 3    0.200           54.000
      Category 4    0.248           67.000
      Category 5    0.159           43.000
    ERICA13_
      Category 1    0.037           10.000
      Category 2    0.059           16.000
      Category 3    0.156           42.000
      Category 4    0.494          133.000
      Category 5    0.253           68.000
    ERICA14_
      Category 1    0.022            6.000
      Category 2    0.056           15.000
      Category 3    0.052           14.000
      Category 4    0.346           93.000
      Category 5    0.524          141.000
    ERICA15_
      Category 1    0.067           18.000
      Category 2    0.145           39.000
      Category 3    0.260           70.000
      Category 4    0.357           96.000
      Category 5    0.171           46.000
    ERICA16_
      Category 1    0.019            5.000
      Category 2    0.033            9.000
      Category 3    0.063           17.000
      Category 4    0.327           88.000
      Category 5    0.558          150.000
    ERICA17_
      Category 1    0.033            9.000
      Category 2    0.048           13.000
      Category 3    0.238           64.000
      Category 4    0.680          183.000


SAMPLE STATISTICS


     ESTIMATED SAMPLE STATISTICS


           MEANS/INTERCEPTS/THRESHOLDS
              ERICA1_1      ERICA1_1      ERICA1_1      ERICA1_1      ERICA2_1
              ________      ________      ________      ________      ________
               -1.473        -0.589         0.130         0.855        -1.061


           MEANS/INTERCEPTS/THRESHOLDS
              ERICA2_1      ERICA2_1      ERICA2_1      ERICA3_1      ERICA3_1
              ________      ________      ________      ________      ________
                0.084         0.568         1.303        -1.663        -0.938


           MEANS/INTERCEPTS/THRESHOLDS
              ERICA3_1      ERICA3_1      ERICA4_1      ERICA4_1      ERICA4_1
              ________      ________      ________      ________      ________
               -0.472         0.244        -1.446        -0.535        -0.084


           MEANS/INTERCEPTS/THRESHOLDS
              ERICA4_1      ERICA5_1      ERICA5_1      ERICA5_1      ERICA5_1
              ________      ________      ________      ________      ________
                0.589        -1.944        -0.882        -0.282         0.451


           MEANS/INTERCEPTS/THRESHOLDS
              ERICA6_1      ERICA6_1      ERICA6_1      ERICA6_1      ERICA7_1
              ________      ________      ________      ________      ________
               -1.221        -0.370         0.046         0.524        -1.221


           MEANS/INTERCEPTS/THRESHOLDS
              ERICA7_1      ERICA7_1      ERICA7_1      ERICA8_1      ERICA8_1
              ________      ________      ________      ________      ________
               -0.360         0.187         0.692        -1.348        -0.390


           MEANS/INTERCEPTS/THRESHOLDS
              ERICA8_1      ERICA8_1      ERICA9_1      ERICA9_1      ERICA9_1
              ________      ________      ________      ________      ________
                0.056         0.828        -1.348        -0.546        -0.046


           MEANS/INTERCEPTS/THRESHOLDS
              ERICA9_1      ERICA10_      ERICA10_      ERICA10_      ERICA10_
              ________      ________      ________      ________      ________
                0.568        -2.678        -1.663        -0.716         0.341


           MEANS/INTERCEPTS/THRESHOLDS
              ERICA11_      ERICA11_      ERICA11_      ERICA11_      ERICA12_
              ________      ________      ________      ________      ________
               -1.420        -0.855        -0.244         0.910        -1.146


           MEANS/INTERCEPTS/THRESHOLDS
              ERICA12_      ERICA12_      ERICA12_      ERICA13_      ERICA13_
              ________      ________      ________      ________      ________
               -0.273         0.234         0.998        -1.784        -1.301


           MEANS/INTERCEPTS/THRESHOLDS
              ERICA13_      ERICA13_      ERICA14_      ERICA14_      ERICA14_
              ________      ________      ________      ________      ________
               -0.666         0.666        -2.008        -1.418        -1.126


           MEANS/INTERCEPTS/THRESHOLDS
              ERICA14_      ERICA15_      ERICA15_      ERICA15_      ERICA15_
              ________      ________      ________      ________      ________
               -0.061        -1.499        -0.800        -0.070         0.950


           MEANS/INTERCEPTS/THRESHOLDS
              ERICA16_      ERICA16_      ERICA16_      ERICA16_      ERICA17_
              ________      ________      ________      ________      ________
               -2.084        -1.625        -1.199        -0.145        -1.832


           MEANS/INTERCEPTS/THRESHOLDS
              ERICA17_      ERICA17_
              ________      ________
               -1.393        -0.469


           CORRELATION MATRIX (WITH VARIANCES ON THE DIAGONAL)
              ERICA1_1      ERICA2_1      ERICA3_1      ERICA4_1      ERICA5_1
              ________      ________      ________      ________      ________
 ERICA1_1
 ERICA2_1       0.402
 ERICA3_1       0.325         0.213
 ERICA4_1       0.382         0.291         0.367
 ERICA5_1       0.354         0.319         0.543         0.273
 ERICA6_1       0.353         0.252         0.509         0.402         0.476
 ERICA7_1       0.437         0.359         0.411         0.359         0.478
 ERICA8_1       0.395         0.376         0.394         0.402         0.321
 ERICA9_1       0.498         0.429         0.322         0.484         0.465
 ERICA10_       0.195         0.035         0.102         0.266         0.092
 ERICA11_       0.100        -0.010         0.075         0.060         0.099
 ERICA12_       0.432         0.221         0.275         0.394         0.368
 ERICA13_      -0.156        -0.069        -0.093        -0.191        -0.071
 ERICA14_      -0.113        -0.130        -0.102        -0.154         0.058
 ERICA15_      -0.179        -0.130        -0.146        -0.159        -0.028
 ERICA16_      -0.089        -0.098         0.092        -0.011         0.136
 ERICA17_       0.124         0.075         0.267         0.174         0.137


           CORRELATION MATRIX (WITH VARIANCES ON THE DIAGONAL)
              ERICA6_1      ERICA7_1      ERICA8_1      ERICA9_1      ERICA10_
              ________      ________      ________      ________      ________
 ERICA7_1       0.443
 ERICA8_1       0.408         0.447
 ERICA9_1       0.455         0.502         0.471
 ERICA10_       0.203         0.077         0.168         0.408
 ERICA11_       0.164         0.016         0.133         0.183         0.405
 ERICA12_       0.404         0.496         0.354         0.501         0.292
 ERICA13_      -0.033        -0.074        -0.184        -0.058         0.147
 ERICA14_       0.063        -0.088        -0.095        -0.043         0.255
 ERICA15_      -0.049        -0.204        -0.098        -0.241        -0.051
 ERICA16_       0.036        -0.125         0.086        -0.021         0.262
 ERICA17_       0.370         0.051         0.230         0.160         0.246


           CORRELATION MATRIX (WITH VARIANCES ON THE DIAGONAL)
              ERICA11_      ERICA12_      ERICA13_      ERICA14_      ERICA15_
              ________      ________      ________      ________      ________
 ERICA12_       0.048
 ERICA13_       0.241        -0.112
 ERICA14_       0.291        -0.049         0.373
 ERICA15_       0.080        -0.223         0.143         0.256
 ERICA16_       0.354        -0.159         0.215         0.477         0.324
 ERICA17_       0.223         0.151         0.078         0.340         0.308


           CORRELATION MATRIX (WITH VARIANCES ON THE DIAGONAL)
              ERICA16_      ERICA17_
              ________      ________
 ERICA17_       0.319


THE MODEL ESTIMATION TERMINATED NORMALLY



MODEL FIT INFORMATION

Number of Free Parameters                       85

Chi-Square Test of Model Fit

          Value                            473.796*
          Degrees of Freedom                   118
          P-Value                           0.0000

*   The chi-square value for MLM, MLMV, MLR, ULSMV, WLSM and WLSMV cannot be used
    for chi-square difference testing in the regular way.  MLM, MLR and WLSM
    chi-square difference testing is described on the Mplus website.  MLMV, WLSMV,
    and ULSMV difference testing is done using the DIFFTEST option.

RMSEA (Root Mean Square Error Of Approximation)

          Estimate                           0.106
          90 Percent C.I.                    0.096  0.116
          Probability RMSEA <= .05           0.000

CFI/TLI

          CFI                                0.802
          TLI                                0.772

Chi-Square Test of Model Fit for the Baseline Model

          Value                           1935.460
          Degrees of Freedom                   136
          P-Value                           0.0000

SRMR (Standardized Root Mean Square Residual)

          Value                              0.094

Optimum Function Value for Weighted Least-Squares Estimator

          Value                     0.94634870D+00



MODEL RESULTS

                                                    Two-Tailed
                    Estimate       S.E.  Est./S.E.    P-Value

 ERICAPOS BY
    ERICA10_1          1.000      0.000    999.000    999.000
    ERICA11_1          1.027      0.157      6.552      0.000
    ERICA13_1          0.586      0.130      4.526      0.000
    ERICA14_1          1.015      0.149      6.794      0.000
    ERICA15_1          0.287      0.118      2.439      0.015
    ERICA16_1          1.002      0.145      6.925      0.000

 ERICANEG BY
    ERICA1_1           1.000      0.000    999.000    999.000
    ERICA2_1           0.793      0.086      9.214      0.000
    ERICA3_1           0.993      0.093     10.698      0.000
    ERICA4_1           0.943      0.087     10.846      0.000
    ERICA5_1           1.044      0.088     11.869      0.000
    ERICA6_1           1.081      0.092     11.729      0.000
    ERICA7_1           1.101      0.082     13.492      0.000
    ERICA8_1           1.003      0.085     11.739      0.000
    ERICA9_1           1.196      0.090     13.350      0.000
    ERICA12_1          0.983      0.084     11.720      0.000
    ERICA17_1          0.492      0.122      4.031      0.000

 ERICANEG WITH
    ERICAPOS           0.049      0.029      1.686      0.092

 Thresholds
    ERICA1_1$1        -1.473      0.115    -12.758      0.000
    ERICA1_1$2        -0.589      0.081     -7.251      0.000
    ERICA1_1$3         0.130      0.077      1.704      0.088
    ERICA1_1$4         0.855      0.087      9.790      0.000
    ERICA2_1$1        -1.061      0.094    -11.270      0.000
    ERICA2_1$2         0.084      0.076      1.095      0.273
    ERICA2_1$3         0.568      0.081      7.014      0.000
    ERICA2_1$4         1.303      0.105     12.390      0.000
    ERICA3_1$1        -1.663      0.130    -12.774      0.000
    ERICA3_1$2        -0.938      0.090    -10.445      0.000
    ERICA3_1$3        -0.472      0.079     -5.940      0.000
    ERICA3_1$4         0.244      0.077      3.162      0.002
    ERICA4_1$1        -1.446      0.114    -12.722      0.000
    ERICA4_1$2        -0.535      0.080     -6.657      0.000
    ERICA4_1$3        -0.084      0.076     -1.095      0.273
    ERICA4_1$4         0.589      0.081      7.251      0.000
    ERICA5_1$1        -1.944      0.161    -12.114      0.000
    ERICA5_1$2        -0.882      0.088    -10.011      0.000
    ERICA5_1$3        -0.282      0.077     -3.647      0.000
    ERICA5_1$4         0.451      0.079      5.699      0.000
    ERICA6_1$1        -1.221      0.101    -12.087      0.000
    ERICA6_1$2        -0.370      0.078     -4.736      0.000
    ERICA6_1$3         0.046      0.076      0.609      0.543
    ERICA6_1$4         0.524      0.080      6.538      0.000
    ERICA7_1$1        -1.221      0.101    -12.087      0.000
    ERICA7_1$2        -0.360      0.078     -4.615      0.000
    ERICA7_1$3         0.187      0.077      2.433      0.015
    ERICA7_1$4         0.692      0.083      8.308      0.000
    ERICA8_1$1        -1.348      0.108    -12.520      0.000
    ERICA8_1$2        -0.390      0.078     -4.977      0.000
    ERICA8_1$3         0.056      0.076      0.730      0.465
    ERICA8_1$4         0.828      0.087      9.567      0.000
    ERICA9_1$1        -1.348      0.108    -12.520      0.000
    ERICA9_1$2        -0.546      0.081     -6.776      0.000
    ERICA9_1$3        -0.046      0.076     -0.609      0.543
    ERICA9_1$4         0.568      0.081      7.014      0.000
    ERICA10_$1        -2.678      0.334     -8.010      0.000
    ERICA10_$2        -1.663      0.130    -12.774      0.000
    ERICA10_$3        -0.716      0.084     -8.541      0.000
    ERICA10_$4         0.341      0.078      4.373      0.000
    ERICA11_$1        -1.420      0.112    -12.680      0.000
    ERICA11_$2        -0.855      0.087     -9.790      0.000
    ERICA11_$3        -0.244      0.077     -3.162      0.002
    ERICA11_$4         0.910      0.089     10.230      0.000
    ERICA12_$1        -1.146      0.098    -11.743      0.000
    ERICA12_$2        -0.273      0.077     -3.526      0.000
    ERICA12_$3         0.234      0.077      3.040      0.002
    ERICA12_$4         0.998      0.092     10.866      0.000
    ERICA13_$1        -1.784      0.142    -12.558      0.000
    ERICA13_$2        -1.301      0.105    -12.360      0.000
    ERICA13_$3        -0.666      0.083     -8.031      0.000
    ERICA13_$4         0.666      0.083      8.031      0.000
    ERICA14_$1        -2.008      0.170    -11.844      0.000
    ERICA14_$2        -1.418      0.112    -12.653      0.000
    ERICA14_$3        -1.126      0.097    -11.618      0.000
    ERICA14_$4        -0.061      0.076     -0.793      0.428
    ERICA15_$1        -1.499      0.117    -12.761      0.000
    ERICA15_$2        -0.800      0.086     -9.301      0.000
    ERICA15_$3        -0.070      0.076     -0.914      0.360
    ERICA15_$4         0.950      0.090     10.514      0.000
    ERICA16_$1        -2.084      0.181    -11.513      0.000
    ERICA16_$2        -1.625      0.127    -12.779      0.000
    ERICA16_$3        -1.199      0.100    -11.973      0.000
    ERICA16_$4        -0.145      0.077     -1.889      0.059
    ERICA17_$1        -1.832      0.147    -12.443      0.000
    ERICA17_$2        -1.393      0.111    -12.604      0.000
    ERICA17_$3        -0.469      0.080     -5.890      0.000

 Variances
    ERICAPOS           0.367      0.078      4.727      0.000
    ERICANEG           0.390      0.051      7.719      0.000


STANDARDIZED MODEL RESULTS


STDYX Standardization

                                                    Two-Tailed
                    Estimate       S.E.  Est./S.E.    P-Value

 ERICAPOS BY
    ERICA10_1          0.606      0.064      9.453      0.000
    ERICA11_1          0.623      0.062     10.078      0.000
    ERICA13_1          0.355      0.069      5.177      0.000
    ERICA14_1          0.615      0.064      9.562      0.000
    ERICA15_1          0.174      0.068      2.569      0.010
    ERICA16_1          0.607      0.060     10.201      0.000

 ERICANEG BY
    ERICA1_1           0.625      0.040     15.437      0.000
    ERICA2_1           0.496      0.050      9.927      0.000
    ERICA3_1           0.620      0.045     13.755      0.000
    ERICA4_1           0.589      0.044     13.301      0.000
    ERICA5_1           0.652      0.039     16.769      0.000
    ERICA6_1           0.675      0.041     16.514      0.000
    ERICA7_1           0.688      0.036     19.018      0.000
    ERICA8_1           0.627      0.042     14.835      0.000
    ERICA9_1           0.747      0.037     20.277      0.000
    ERICA12_1          0.614      0.041     15.057      0.000
    ERICA17_1          0.307      0.072      4.246      0.000

 ERICANEG WITH
    ERICAPOS           0.129      0.076      1.688      0.091

 Thresholds
    ERICA1_1$1        -1.473      0.115    -12.758      0.000
    ERICA1_1$2        -0.589      0.081     -7.251      0.000
    ERICA1_1$3         0.130      0.077      1.704      0.088
    ERICA1_1$4         0.855      0.087      9.790      0.000
    ERICA2_1$1        -1.061      0.094    -11.270      0.000
    ERICA2_1$2         0.084      0.076      1.095      0.273
    ERICA2_1$3         0.568      0.081      7.014      0.000
    ERICA2_1$4         1.303      0.105     12.390      0.000
    ERICA3_1$1        -1.663      0.130    -12.774      0.000
    ERICA3_1$2        -0.938      0.090    -10.445      0.000
    ERICA3_1$3        -0.472      0.079     -5.940      0.000
    ERICA3_1$4         0.244      0.077      3.162      0.002
    ERICA4_1$1        -1.446      0.114    -12.722      0.000
    ERICA4_1$2        -0.535      0.080     -6.657      0.000
    ERICA4_1$3        -0.084      0.076     -1.095      0.273
    ERICA4_1$4         0.589      0.081      7.251      0.000
    ERICA5_1$1        -1.944      0.161    -12.114      0.000
    ERICA5_1$2        -0.882      0.088    -10.011      0.000
    ERICA5_1$3        -0.282      0.077     -3.647      0.000
    ERICA5_1$4         0.451      0.079      5.699      0.000
    ERICA6_1$1        -1.221      0.101    -12.087      0.000
    ERICA6_1$2        -0.370      0.078     -4.736      0.000
    ERICA6_1$3         0.046      0.076      0.609      0.543
    ERICA6_1$4         0.524      0.080      6.538      0.000
    ERICA7_1$1        -1.221      0.101    -12.087      0.000
    ERICA7_1$2        -0.360      0.078     -4.615      0.000
    ERICA7_1$3         0.187      0.077      2.433      0.015
    ERICA7_1$4         0.692      0.083      8.308      0.000
    ERICA8_1$1        -1.348      0.108    -12.520      0.000
    ERICA8_1$2        -0.390      0.078     -4.977      0.000
    ERICA8_1$3         0.056      0.076      0.730      0.465
    ERICA8_1$4         0.828      0.087      9.567      0.000
    ERICA9_1$1        -1.348      0.108    -12.520      0.000
    ERICA9_1$2        -0.546      0.081     -6.776      0.000
    ERICA9_1$3        -0.046      0.076     -0.609      0.543
    ERICA9_1$4         0.568      0.081      7.014      0.000
    ERICA10_$1        -2.678      0.334     -8.010      0.000
    ERICA10_$2        -1.663      0.130    -12.774      0.000
    ERICA10_$3        -0.716      0.084     -8.541      0.000
    ERICA10_$4         0.341      0.078      4.373      0.000
    ERICA11_$1        -1.420      0.112    -12.680      0.000
    ERICA11_$2        -0.855      0.087     -9.790      0.000
    ERICA11_$3        -0.244      0.077     -3.162      0.002
    ERICA11_$4         0.910      0.089     10.230      0.000
    ERICA12_$1        -1.146      0.098    -11.743      0.000
    ERICA12_$2        -0.273      0.077     -3.526      0.000
    ERICA12_$3         0.234      0.077      3.040      0.002
    ERICA12_$4         0.998      0.092     10.866      0.000
    ERICA13_$1        -1.784      0.142    -12.558      0.000
    ERICA13_$2        -1.301      0.105    -12.360      0.000
    ERICA13_$3        -0.666      0.083     -8.031      0.000
    ERICA13_$4         0.666      0.083      8.031      0.000
    ERICA14_$1        -2.008      0.170    -11.844      0.000
    ERICA14_$2        -1.418      0.112    -12.653      0.000
    ERICA14_$3        -1.126      0.097    -11.618      0.000
    ERICA14_$4        -0.061      0.076     -0.793      0.428
    ERICA15_$1        -1.499      0.117    -12.761      0.000
    ERICA15_$2        -0.800      0.086     -9.301      0.000
    ERICA15_$3        -0.070      0.076     -0.914      0.360
    ERICA15_$4         0.950      0.090     10.514      0.000
    ERICA16_$1        -2.084      0.181    -11.513      0.000
    ERICA16_$2        -1.625      0.127    -12.779      0.000
    ERICA16_$3        -1.199      0.100    -11.973      0.000
    ERICA16_$4        -0.145      0.077     -1.889      0.059
    ERICA17_$1        -1.832      0.147    -12.443      0.000
    ERICA17_$2        -1.393      0.111    -12.604      0.000
    ERICA17_$3        -0.469      0.080     -5.890      0.000

 Variances
    ERICAPOS           1.000      0.000  *********      0.000
    ERICANEG           1.000      0.000    999.000    999.000


R-SQUARE

    Observed                                        Two-Tailed   Residual
    Variable        Estimate       S.E.  Est./S.E.    P-Value    Variance

    ERICA1_1           0.390      0.051      7.719      0.000      0.610
    ERICA2_1           0.246      0.049      4.964      0.000      0.754
    ERICA3_1           0.384      0.056      6.878      0.000      0.616
    ERICA4_1           0.347      0.052      6.650      0.000      0.653
    ERICA5_1           0.425      0.051      8.385      0.000      0.575
    ERICA6_1           0.456      0.055      8.257      0.000      0.544
    ERICA7_1           0.473      0.050      9.509      0.000      0.527
    ERICA8_1           0.393      0.053      7.417      0.000      0.607
    ERICA9_1           0.558      0.055     10.139      0.000      0.442
    ERICA10_           0.367      0.078      4.727      0.000      0.633
    ERICA11_           0.388      0.077      5.039      0.000      0.612
    ERICA12_           0.377      0.050      7.529      0.000      0.623
    ERICA13_           0.126      0.049      2.588      0.010      0.874
    ERICA14_           0.378      0.079      4.781      0.000      0.622
    ERICA15_           0.030      0.024      1.284      0.199      0.970
    ERICA16_           0.369      0.072      5.100      0.000      0.631
    ERICA17_           0.094      0.044      2.123      0.034      0.906


QUALITY OF NUMERICAL RESULTS

     Condition Number for the Information Matrix              0.819E-03
       (ratio of smallest to largest eigenvalue)


MODEL MODIFICATION INDICES

Minimum M.I. value for printing the modification index    10.000

                                   M.I.     E.P.C.  Std E.P.C.  StdYX E.P.C.

ON/BY Statements

ERICA7_1 ON ERICAPOS /
ERICAPOS BY ERICA7_1              10.136    -0.315     -0.191       -0.191
ERICA9_1 ON ERICAPOS /
ERICAPOS BY ERICA9_1              13.311     0.334      0.202        0.202
ERICA10_ ON ERICANEG /
ERICANEG BY ERICA10_              98.603     0.613      0.383        0.383
ERICA13_ ON ERICANEG /
ERICANEG BY ERICA13_              40.286    -0.377     -0.235       -0.235
ERICA14_ ON ERICANEG /
ERICANEG BY ERICA14_              21.603    -0.323     -0.202       -0.202
ERICA15_ ON ERICANEG /
ERICANEG BY ERICA15_              53.013    -0.399     -0.249       -0.249
ERICA17_ ON ERICAPOS /
ERICAPOS BY ERICA17_              49.099     0.753      0.456        0.456

ON Statements

ERICAPOS ON ERICA7_1              10.136    -0.114     -0.188       -0.188
ERICAPOS ON ERICA9_1              13.311     0.120      0.199        0.199
ERICAPOS ON ERICA10_              98.591    -1.772     -2.924       -2.924
ERICAPOS ON ERICA13_              40.293     1.089      1.797        1.797
ERICAPOS ON ERICA14_              21.625     0.935      1.543        1.543
ERICAPOS ON ERICA15_              53.012     1.153      1.903        1.903
ERICAPOS ON ERICA17_              49.099     0.272      0.449        0.449
ERICANEG ON ERICA7_1              10.148     0.911      1.458        1.458
ERICANEG ON ERICA9_1              13.294    -0.964     -1.543       -1.543
ERICANEG ON ERICA10_              98.604     0.235      0.376        0.376
ERICANEG ON ERICA13_              40.286    -0.145     -0.231       -0.231
ERICANEG ON ERICA14_              21.603    -0.124     -0.199       -0.199
ERICANEG ON ERICA15_              53.013    -0.153     -0.245       -0.245
ERICANEG ON ERICA17_              49.101    -2.177     -3.485       -3.485
ERICA1_1 ON ERICA15_              10.077    -0.197     -0.197       -0.197
ERICA3_1 ON ERICA5_1              10.963     0.193      0.193        0.193
ERICA5_1 ON ERICA3_1              10.963     0.193      0.193        0.193
ERICA7_1 ON ERICA15_              14.384    -0.240     -0.240       -0.240
ERICA7_1 ON ERICA16_              10.780    -0.161     -0.161       -0.161
ERICA9_1 ON ERICA10_              44.626     0.246      0.246        0.246
ERICA9_1 ON ERICA15_              11.021    -0.198     -0.198       -0.198
ERICA10_ ON ERICA1_1              63.339     0.329      0.329        0.329
ERICA10_ ON ERICA2_1              33.898     0.267      0.267        0.267
ERICA10_ ON ERICA3_1              52.927     0.311      0.311        0.311
ERICA10_ ON ERICA4_1              71.530     0.332      0.332        0.332
ERICA10_ ON ERICA5_1              53.040     0.302      0.302        0.302
ERICA10_ ON ERICA6_1              64.529     0.308      0.308        0.308
ERICA10_ ON ERICA7_1              51.487     0.283      0.283        0.283
ERICA10_ ON ERICA8_1              56.824     0.295      0.295        0.295
ERICA10_ ON ERICA9_1             105.881     0.317      0.317        0.317
ERICA10_ ON ERICA12_              77.845     0.375      0.375        0.375
ERICA10_ ON ERICA17_              54.241     0.477      0.477        0.477
ERICA11_ ON ERICA17_              11.046     0.225      0.225        0.225
ERICA12_ ON ERICA15_              13.174    -0.234     -0.234       -0.234
ERICA13_ ON ERICA1_1              33.437    -0.226     -0.226       -0.226
ERICA13_ ON ERICA2_1              24.273    -0.243     -0.243       -0.243
ERICA13_ ON ERICA3_1              28.037    -0.217     -0.217       -0.217
ERICA13_ ON ERICA4_1              37.034    -0.240     -0.240       -0.240
ERICA13_ ON ERICA5_1              26.777    -0.204     -0.204       -0.204
ERICA13_ ON ERICA6_1              24.135    -0.188     -0.188       -0.188
ERICA13_ ON ERICA7_1              27.119    -0.194     -0.194       -0.194
ERICA13_ ON ERICA8_1              36.235    -0.238     -0.238       -0.238
ERICA13_ ON ERICA9_1              26.615    -0.181     -0.181       -0.181
ERICA13_ ON ERICA12_              29.002    -0.212     -0.212       -0.212
ERICA14_ ON ERICA1_1              18.974    -0.194     -0.194       -0.194
ERICA14_ ON ERICA2_1              18.648    -0.226     -0.226       -0.226
ERICA14_ ON ERICA3_1              18.095    -0.201     -0.201       -0.201
ERICA14_ ON ERICA4_1              21.424    -0.224     -0.224       -0.224
ERICA14_ ON ERICA7_1              17.903    -0.186     -0.186       -0.186
ERICA14_ ON ERICA8_1              17.665    -0.185     -0.185       -0.185
ERICA14_ ON ERICA9_1              15.691    -0.160     -0.160       -0.160
ERICA14_ ON ERICA12_              14.313    -0.169     -0.169       -0.169
ERICA15_ ON ERICA1_1              43.151    -0.241     -0.241       -0.241
ERICA15_ ON ERICA2_1              34.756    -0.249     -0.249       -0.249
ERICA15_ ON ERICA3_1              40.153    -0.245     -0.245       -0.245
ERICA15_ ON ERICA4_1              40.843    -0.254     -0.254       -0.254
ERICA15_ ON ERICA5_1              29.036    -0.196     -0.196       -0.196
ERICA15_ ON ERICA6_1              31.820    -0.202     -0.202       -0.202
ERICA15_ ON ERICA7_1              46.499    -0.236     -0.236       -0.236
ERICA15_ ON ERICA8_1              34.444    -0.215     -0.215       -0.215
ERICA15_ ON ERICA9_1              50.972    -0.226     -0.226       -0.226
ERICA15_ ON ERICA12_              48.134    -0.263     -0.263       -0.263
ERICA15_ ON ERICA16_              12.545     0.283      0.283        0.283
ERICA16_ ON ERICA12_              10.658    -0.153     -0.153       -0.153
ERICA16_ ON ERICA15_              12.545     0.283      0.283        0.283
ERICA17_ ON ERICA10_              28.310     0.284      0.284        0.284
ERICA17_ ON ERICA11_              26.782     0.282      0.282        0.282
ERICA17_ ON ERICA13_              11.021     0.235      0.235        0.235
ERICA17_ ON ERICA14_              37.348     0.320      0.320        0.320
ERICA17_ ON ERICA15_              29.117     0.358      0.358        0.358
ERICA17_ ON ERICA16_              35.009     0.324      0.324        0.324

WITH Statements

ERICA5_1 WITH ERICA3_1            10.963     0.193      0.193        0.324
ERICA7_1 WITH ERICAPOS            10.136    -0.114     -0.188       -0.259
ERICA7_1 WITH ERICANEG            10.145     0.911      1.458        2.010
ERICA9_1 WITH ERICAPOS            13.310     0.120      0.199        0.299
ERICA9_1 WITH ERICANEG            13.297    -0.964     -1.543       -2.321
ERICA10_ WITH ERICAPOS            98.601    -1.772     -2.924       -3.675
ERICA10_ WITH ERICANEG            98.603     0.235      0.376        0.473
ERICA10_ WITH ERICA4_1            14.472     0.227      0.227        0.353
ERICA10_ WITH ERICA9_1            53.408     0.377      0.377        0.712
ERICA12_ WITH ERICA10_            12.325     0.250      0.250        0.398
ERICA13_ WITH ERICAPOS            40.289     1.089      1.797        1.922
ERICA13_ WITH ERICANEG            40.286    -0.145     -0.231       -0.247
ERICA13_ WITH ERICA4_1            11.794    -0.220     -0.220       -0.292
ERICA14_ WITH ERICAPOS            21.619     0.935      1.542        1.956
ERICA14_ WITH ERICANEG            21.603    -0.124     -0.199       -0.252
ERICA15_ WITH ERICAPOS            53.010     1.153      1.903        1.933
ERICA15_ WITH ERICANEG            53.013    -0.153     -0.245       -0.249
ERICA15_ WITH ERICA7_1            11.221    -0.221     -0.221       -0.309
ERICA15_ WITH ERICA9_1            17.448    -0.260     -0.260       -0.397
ERICA15_ WITH ERICA12_            12.451    -0.238     -0.238       -0.306
ERICA16_ WITH ERICA15_            12.545     0.283      0.283        0.362
ERICA17_ WITH ERICAPOS            49.099     0.272      0.449        0.472
ERICA17_ WITH ERICANEG            49.104    -2.177     -3.485       -3.662
ERICA17_ WITH ERICA14_            16.049     0.318      0.318        0.423
ERICA17_ WITH ERICA15_            18.846     0.301      0.301        0.321
ERICA17_ WITH ERICA16_            12.703     0.297      0.297        0.392


     Beginning Time:  10:14:42
        Ending Time:  10:14:42
       Elapsed Time:  00:00:00



MUTHEN & MUTHEN
3463 Stoner Ave.
Los Angeles, CA  90066

Tel: (310) 391-9971
Fax: (310) 391-8971
Web: www.StatModel.com
Support: Support@StatModel.com

Copyright (c) 1998-2019 Muthen & Muthen
