Mplus VERSION 8.4 (Mac)
MUTHEN & MUTHEN
12/14/2024  11:28 AM

INPUT INSTRUCTIONS

  Title: Student PHQ Baseline CFA;

  Data:
     File is ../dat_stu_1.txt;

  Variable:
     Names are studentid age gender grade country
     dass1_1 dass2_1 dass3_1 dass4_1 dass5_1 dass6_1 dass7_1
     dass8_1 dass9_1 dass10_1 dass11_1 dass12_1 dass13_1 dass14_1
     dass15_1 dass16_1 dass17_1 dass18_1 dass19_1 dass20_1 dass21_1
     phq1_1 phq2_1 phq3_1 phq4_1 phq5_1 phq6_1 phq7_1 phq8_1
     gad1_1 gad2_1 gad3_1 gad4_1 gad5_1 gad6_1 gad7_1
     ghq1_1 ghq2_1 ghq3_1 ghq4_1 ghq5_1 ghq6_1 ghq7_1 ghq8_1
     ghq9_1 ghq10_1 ghq11_1 ghq12_1
     erica1_1 erica2_1 erica3_1 erica4_1 erica5_1 erica6_1 erica7_1
     erica8_1 erica9_1 erica10_1 erica11_1 erica12_1 erica13_1
     erica14_1 erica15_1 erica16_1 erica17_1
     sswq1_1 sswq2_1 sswq3_1 sswq4_1 sswq5_1 sswq6_1 sswq7_1
     sswq8_1 sswq9_1 sswq10_1 sswq11_1 sswq12_1 sswq13_1 sswq14_1
     sswq15_1 sswq16_1 atti1_1 atti2_1 atti3_1 atti4_1 atti5_1 atti6_1
     half;
     Missing are . ;

    Usevariable are
  	ghq1_1 ghq2_1 ghq3_1 ghq4_1 ghq5_1 ghq6_1 ghq7_1 ghq8_1
  	ghq9_1 ghq10_1 ghq11_1 ghq12_1;

    Categorical is
  	ghq1_1 ghq2_1 ghq3_1 ghq4_1 ghq5_1 ghq6_1 ghq7_1 ghq8_1
  	ghq9_1 ghq10_1 ghq11_1 ghq12_1;

    Idvariable is studentid;

  Analysis:
     Estimator = wlsmv;

  Model:
    ghq_1 by
      ghq1_1 ghq2_1 ghq3_1 ghq4_1 ghq5_1 ghq6_1 ghq7_1 ghq8_1
      ghq9_1 ghq10_1 ghq11_1 ghq12_1;

  Output: sampstat stdyx modindices(all);



*** WARNING
  Data set contains cases with missing on all variables.
  These cases were not included in the analysis.
  Number of cases with missing on all variables:  1
   1 WARNING(S) FOUND IN THE INPUT INSTRUCTIONS



Student PHQ Baseline CFA;

SUMMARY OF ANALYSIS

Number of groups                                                 1
Number of observations                                         539

Number of dependent variables                                   12
Number of independent variables                                  0
Number of continuous latent variables                            1

Observed dependent variables

  Binary and ordered categorical (ordinal)
   GHQ1_1      GHQ2_1      GHQ3_1      GHQ4_1      GHQ5_1      GHQ6_1
   GHQ7_1      GHQ8_1      GHQ9_1      GHQ10_1     GHQ11_1     GHQ12_1

Continuous latent variables
   GHQ_1

Variables with special functions

  ID variable           STUDENTI

Estimator                                                    WLSMV
Maximum number of iterations                                  1000
Convergence criterion                                    0.500D-04
Maximum number of steepest descent iterations                   20
Maximum number of iterations for H1                           2000
Convergence criterion for H1                             0.100D-03
Parameterization                                             DELTA
Link                                                        PROBIT

Input data file(s)
  ../dat_stu_1.txt

Input data format  FREE


SUMMARY OF DATA

     Number of missing data patterns             1


COVARIANCE COVERAGE OF DATA

Minimum covariance coverage value   0.100


     PROPORTION OF DATA PRESENT


           Covariance Coverage
              GHQ1_1        GHQ2_1        GHQ3_1        GHQ4_1        GHQ5_1
              ________      ________      ________      ________      ________
 GHQ1_1         1.000
 GHQ2_1         1.000         1.000
 GHQ3_1         1.000         1.000         1.000
 GHQ4_1         1.000         1.000         1.000         1.000
 GHQ5_1         1.000         1.000         1.000         1.000         1.000
 GHQ6_1         1.000         1.000         1.000         1.000         1.000
 GHQ7_1         1.000         1.000         1.000         1.000         1.000
 GHQ8_1         1.000         1.000         1.000         1.000         1.000
 GHQ9_1         1.000         1.000         1.000         1.000         1.000
 GHQ10_1        1.000         1.000         1.000         1.000         1.000
 GHQ11_1        1.000         1.000         1.000         1.000         1.000
 GHQ12_1        1.000         1.000         1.000         1.000         1.000


           Covariance Coverage
              GHQ6_1        GHQ7_1        GHQ8_1        GHQ9_1        GHQ10_1
              ________      ________      ________      ________      ________
 GHQ6_1         1.000
 GHQ7_1         1.000         1.000
 GHQ8_1         1.000         1.000         1.000
 GHQ9_1         1.000         1.000         1.000         1.000
 GHQ10_1        1.000         1.000         1.000         1.000         1.000
 GHQ11_1        1.000         1.000         1.000         1.000         1.000
 GHQ12_1        1.000         1.000         1.000         1.000         1.000


           Covariance Coverage
              GHQ11_1       GHQ12_1
              ________      ________
 GHQ11_1        1.000
 GHQ12_1        1.000         1.000


UNIVARIATE PROPORTIONS AND COUNTS FOR CATEGORICAL VARIABLES

    GHQ1_1
      Category 1    0.542          292.000
      Category 2    0.458          247.000
    GHQ2_1
      Category 1    0.829          447.000
      Category 2    0.171           92.000
    GHQ3_1
      Category 1    0.497          268.000
      Category 2    0.503          271.000
    GHQ4_1
      Category 1    0.579          312.000
      Category 2    0.421          227.000
    GHQ5_1
      Category 1    0.824          444.000
      Category 2    0.176           95.000
    GHQ6_1
      Category 1    0.764          412.000
      Category 2    0.236          127.000
    GHQ7_1
      Category 1    0.353          190.000
      Category 2    0.647          349.000
    GHQ8_1
      Category 1    0.351          189.000
      Category 2    0.649          350.000
    GHQ9_1
      Category 1    0.826          445.000
      Category 2    0.174           94.000
    GHQ10_1
      Category 1    0.848          457.000
      Category 2    0.152           82.000
    GHQ11_1
      Category 1    0.879          474.000
      Category 2    0.121           65.000
    GHQ12_1
      Category 1    0.408          220.000
      Category 2    0.592          319.000


SAMPLE STATISTICS


     ESTIMATED SAMPLE STATISTICS


           MEANS/INTERCEPTS/THRESHOLDS
              GHQ1_1$1      GHQ2_1$1      GHQ3_1$1      GHQ4_1$1      GHQ5_1$1
              ________      ________      ________      ________      ________
                0.105         0.951        -0.007         0.199         0.930


           MEANS/INTERCEPTS/THRESHOLDS
              GHQ6_1$1      GHQ7_1$1      GHQ8_1$1      GHQ9_1$1      GHQ10_1$
              ________      ________      ________      ________      ________
                0.720        -0.379        -0.384         0.937         1.027


           MEANS/INTERCEPTS/THRESHOLDS
              GHQ11_1$      GHQ12_1$
              ________      ________
                1.172        -0.232


           CORRELATION MATRIX (WITH VARIANCES ON THE DIAGONAL)
              GHQ1_1        GHQ2_1        GHQ3_1        GHQ4_1        GHQ5_1
              ________      ________      ________      ________      ________
 GHQ1_1
 GHQ2_1         0.089
 GHQ3_1         0.219        -0.078
 GHQ4_1         0.316         0.152         0.414
 GHQ5_1         0.222         0.599        -0.068         0.091
 GHQ6_1         0.133         0.520        -0.088         0.039         0.651
 GHQ7_1         0.177        -0.237         0.421         0.218        -0.214
 GHQ8_1         0.234         0.005         0.381         0.439         0.025
 GHQ9_1         0.161         0.651        -0.077         0.135         0.694
 GHQ10_1        0.263         0.549        -0.044         0.207         0.534
 GHQ11_1       -0.042         0.409        -0.085         0.131         0.419
 GHQ12_1        0.261         0.010         0.510         0.311        -0.095


           CORRELATION MATRIX (WITH VARIANCES ON THE DIAGONAL)
              GHQ6_1        GHQ7_1        GHQ8_1        GHQ9_1        GHQ10_1
              ________      ________      ________      ________      ________
 GHQ7_1        -0.178
 GHQ8_1        -0.008         0.329
 GHQ9_1         0.710        -0.275        -0.134
 GHQ10_1        0.679        -0.264        -0.005         0.719
 GHQ11_1        0.466        -0.147        -0.054         0.595         0.570
 GHQ12_1       -0.080         0.446         0.451        -0.122        -0.189


           CORRELATION MATRIX (WITH VARIANCES ON THE DIAGONAL)
              GHQ11_1       GHQ12_1
              ________      ________
 GHQ12_1       -0.128


THE MODEL ESTIMATION TERMINATED NORMALLY



MODEL FIT INFORMATION

Number of Free Parameters                       24

Chi-Square Test of Model Fit

          Value                            593.158*
          Degrees of Freedom                    54
          P-Value                           0.0000

*   The chi-square value for MLM, MLMV, MLR, ULSMV, WLSM and WLSMV cannot be used
    for chi-square difference testing in the regular way.  MLM, MLR and WLSM
    chi-square difference testing is described on the Mplus website.  MLMV, WLSMV,
    and ULSMV difference testing is done using the DIFFTEST option.

RMSEA (Root Mean Square Error Of Approximation)

          Estimate                           0.136
          90 Percent C.I.                    0.126  0.146
          Probability RMSEA <= .05           0.000

CFI/TLI

          CFI                                0.613
          TLI                                0.527

Chi-Square Test of Model Fit for the Baseline Model

          Value                           1458.686
          Degrees of Freedom                    66
          P-Value                           0.0000

SRMR (Standardized Root Mean Square Residual)

          Value                              0.154

Optimum Function Value for Weighted Least-Squares Estimator

          Value                     0.47633761D+00



MODEL RESULTS

                                                    Two-Tailed
                    Estimate       S.E.  Est./S.E.    P-Value

 GHQ_1    BY
    GHQ1_1             1.000      0.000    999.000    999.000
    GHQ2_1             7.527      5.578      1.349      0.177
    GHQ3_1            -2.702      2.177     -1.241      0.215
    GHQ4_1             0.122      0.734      0.167      0.868
    GHQ5_1             8.255      6.085      1.357      0.175
    GHQ6_1             8.574      6.301      1.361      0.174
    GHQ7_1            -4.211      3.202     -1.315      0.188
    GHQ8_1            -1.920      1.551     -1.238      0.216
    GHQ9_1             9.831      7.215      1.363      0.173
    GHQ10_1            8.752      6.405      1.366      0.172
    GHQ11_1            6.723      4.980      1.350      0.177
    GHQ12_1           -3.121      2.444     -1.277      0.202

 Thresholds
    GHQ1_1$1           0.105      0.054      1.938      0.053
    GHQ2_1$1           0.951      0.064     14.896      0.000
    GHQ3_1$1          -0.007      0.054     -0.129      0.897
    GHQ4_1$1           0.199      0.054      3.659      0.000
    GHQ5_1$1           0.930      0.063     14.669      0.000
    GHQ6_1$1           0.720      0.059     12.129      0.000
    GHQ7_1$1          -0.379      0.055     -6.832      0.000
    GHQ8_1$1          -0.384      0.055     -6.917      0.000
    GHQ9_1$1           0.937      0.064     14.745      0.000
    GHQ10_1$1          1.027      0.066     15.630      0.000
    GHQ11_1$1          1.172      0.070     16.773      0.000
    GHQ12_1$1         -0.232      0.055     -4.261      0.000

 Variances
    GHQ_1              0.008      0.012      0.682      0.495


STANDARDIZED MODEL RESULTS


STDYX Standardization

                                                    Two-Tailed
                    Estimate       S.E.  Est./S.E.    P-Value

 GHQ_1    BY
    GHQ1_1             0.092      0.067      1.364      0.173
    GHQ2_1             0.689      0.051     13.485      0.000
    GHQ3_1            -0.247      0.064     -3.861      0.000
    GHQ4_1             0.011      0.068      0.166      0.868
    GHQ5_1             0.756      0.047     16.009      0.000
    GHQ6_1             0.785      0.040     19.395      0.000
    GHQ7_1            -0.385      0.063     -6.093      0.000
    GHQ8_1            -0.176      0.067     -2.621      0.009
    GHQ9_1             0.900      0.034     26.565      0.000
    GHQ10_1            0.801      0.044     18.165      0.000
    GHQ11_1            0.615      0.068      9.005      0.000
    GHQ12_1           -0.286      0.064     -4.459      0.000

 Thresholds
    GHQ1_1$1           0.105      0.054      1.938      0.053
    GHQ2_1$1           0.951      0.064     14.896      0.000
    GHQ3_1$1          -0.007      0.054     -0.129      0.897
    GHQ4_1$1           0.199      0.054      3.659      0.000
    GHQ5_1$1           0.930      0.063     14.669      0.000
    GHQ6_1$1           0.720      0.059     12.129      0.000
    GHQ7_1$1          -0.379      0.055     -6.832      0.000
    GHQ8_1$1          -0.384      0.055     -6.917      0.000
    GHQ9_1$1           0.937      0.064     14.745      0.000
    GHQ10_1$1          1.027      0.066     15.630      0.000
    GHQ11_1$1          1.172      0.070     16.773      0.000
    GHQ12_1$1         -0.232      0.055     -4.261      0.000

 Variances
    GHQ_1              1.000      0.000    999.000    999.000


R-SQUARE

    Observed                                        Two-Tailed   Residual
    Variable        Estimate       S.E.  Est./S.E.    P-Value    Variance

    GHQ1_1             0.008      0.012      0.682      0.495      0.992
    GHQ2_1             0.474      0.070      6.743      0.000      0.526
    GHQ3_1             0.061      0.032      1.931      0.054      0.939
    GHQ4_1             0.000      0.002      0.083      0.934      1.000
    GHQ5_1             0.571      0.071      8.004      0.000      0.429
    GHQ6_1             0.616      0.063      9.697      0.000      0.384
    GHQ7_1             0.149      0.049      3.046      0.002      0.851
    GHQ8_1             0.031      0.024      1.310      0.190      0.969
    GHQ9_1             0.809      0.061     13.283      0.000      0.191
    GHQ10_1            0.642      0.071      9.082      0.000      0.358
    GHQ11_1            0.379      0.084      4.503      0.000      0.621
    GHQ12_1            0.082      0.037      2.230      0.026      0.918


QUALITY OF NUMERICAL RESULTS

     Condition Number for the Information Matrix              0.603E-08
       (ratio of smallest to largest eigenvalue)


MODEL MODIFICATION INDICES

Minimum M.I. value for printing the modification index    10.000

                                   M.I.     E.P.C.  Std E.P.C.  StdYX E.P.C.

ON Statements

GHQ1_1   ON GHQ3_1                15.816     0.248      0.248        0.248
GHQ1_1   ON GHQ4_1                28.182     0.316      0.316        0.316
GHQ1_1   ON GHQ7_1                11.614     0.224      0.224        0.224
GHQ1_1   ON GHQ8_1                15.994     0.254      0.254        0.254
GHQ1_1   ON GHQ12_1               22.676     0.297      0.297        0.297
GHQ3_1   ON GHQ1_1                15.816     0.248      0.248        0.248
GHQ3_1   ON GHQ4_1                56.871     0.429      0.429        0.429
GHQ3_1   ON GHQ7_1                35.838     0.357      0.357        0.357
GHQ3_1   ON GHQ8_1                34.543     0.351      0.351        0.351
GHQ3_1   ON GHQ12_1               77.382     0.474      0.474        0.474
GHQ4_1   ON GHQ1_1                28.182     0.316      0.316        0.316
GHQ4_1   ON GHQ3_1                56.871     0.429      0.429        0.429
GHQ4_1   ON GHQ7_1                12.801     0.234      0.234        0.234
GHQ4_1   ON GHQ8_1                60.231     0.447      0.447        0.447
GHQ4_1   ON GHQ12_1               27.962     0.324      0.324        0.324
GHQ7_1   ON GHQ1_1                11.614     0.224      0.224        0.224
GHQ7_1   ON GHQ3_1                35.838     0.357      0.357        0.357
GHQ7_1   ON GHQ4_1                12.801     0.234      0.234        0.234
GHQ7_1   ON GHQ8_1                19.508     0.281      0.281        0.281
GHQ7_1   ON GHQ12_1               39.946     0.373      0.373        0.373
GHQ8_1   ON GHQ1_1                15.994     0.254      0.254        0.254
GHQ8_1   ON GHQ3_1                34.543     0.351      0.351        0.351
GHQ8_1   ON GHQ4_1                60.231     0.447      0.447        0.447
GHQ8_1   ON GHQ7_1                19.508     0.281      0.281        0.281
GHQ8_1   ON GHQ12_1               54.401     0.423      0.423        0.423
GHQ12_1  ON GHQ1_1                22.676     0.297      0.297        0.297
GHQ12_1  ON GHQ3_1                77.382     0.474      0.474        0.474
GHQ12_1  ON GHQ4_1                27.962     0.324      0.324        0.324
GHQ12_1  ON GHQ7_1                39.946     0.373      0.373        0.373
GHQ12_1  ON GHQ8_1                54.400     0.423      0.423        0.423

WITH Statements

GHQ3_1   WITH GHQ1_1              15.816     0.248      0.248        0.257
GHQ4_1   WITH GHQ1_1              28.182     0.316      0.316        0.318
GHQ4_1   WITH GHQ3_1              56.871     0.429      0.429        0.442
GHQ7_1   WITH GHQ1_1              11.614     0.224      0.224        0.244
GHQ7_1   WITH GHQ3_1              35.838     0.357      0.357        0.400
GHQ7_1   WITH GHQ4_1              12.801     0.234      0.234        0.254
GHQ8_1   WITH GHQ1_1              15.994     0.254      0.254        0.259
GHQ8_1   WITH GHQ3_1              34.543     0.351      0.351        0.368
GHQ8_1   WITH GHQ4_1              60.231     0.447      0.447        0.454
GHQ8_1   WITH GHQ7_1              19.508     0.281      0.281        0.309
GHQ12_1  WITH GHQ1_1              22.676     0.297      0.297        0.311
GHQ12_1  WITH GHQ3_1              77.382     0.474      0.474        0.511
GHQ12_1  WITH GHQ4_1              27.962     0.324      0.324        0.338
GHQ12_1  WITH GHQ7_1              39.946     0.373      0.373        0.422
GHQ12_1  WITH GHQ8_1              54.400     0.423      0.423        0.448


     Beginning Time:  11:28:54
        Ending Time:  11:28:54
       Elapsed Time:  00:00:00



MUTHEN & MUTHEN
3463 Stoner Ave.
Los Angeles, CA  90066

Tel: (310) 391-9971
Fax: (310) 391-8971
Web: www.StatModel.com
Support: Support@StatModel.com

Copyright (c) 1998-2019 Muthen & Muthen
