Mplus VERSION 8.4 (Mac)
MUTHEN & MUTHEN
12/17/2024   3:37 PM

INPUT INSTRUCTIONS

  Title: Student GHQ Baseline CFA;

  Data:
     File is ../dat_stu_1.txt;

  Variable:
     Names are studentid age gender grade country
     dass1_1 dass2_1 dass3_1 dass4_1 dass5_1 dass6_1 dass7_1
     dass8_1 dass9_1 dass10_1 dass11_1 dass12_1 dass13_1 dass14_1
     dass15_1 dass16_1 dass17_1 dass18_1 dass19_1 dass20_1 dass21_1
     phq1_1 phq2_1 phq3_1 phq4_1 phq5_1 phq6_1 phq7_1 phq8_1
     gad1_1 gad2_1 gad3_1 gad4_1 gad5_1 gad6_1 gad7_1
     ghq1_1 ghq2_1 ghq3_1 ghq4_1 ghq5_1 ghq6_1 ghq7_1 ghq8_1
     ghq9_1 ghq10_1 ghq11_1 ghq12_1
     erica1_1 erica2_1 erica3_1 erica4_1 erica5_1 erica6_1 erica7_1
     erica8_1 erica9_1 erica10_1 erica11_1 erica12_1 erica13_1
     erica14_1 erica15_1 erica16_1 erica17_1
     sswq1_1 sswq2_1 sswq3_1 sswq4_1 sswq5_1 sswq6_1 sswq7_1
     sswq8_1 sswq9_1 sswq10_1 sswq11_1 sswq12_1 sswq13_1 sswq14_1
     sswq15_1 sswq16_1 atti1_1 atti2_1 atti3_1 atti4_1 atti5_1 atti6_1
     half;
     Missing are . ;

    Usevariable are
  	sswq1_1 sswq2_1 sswq3_1 sswq4_1 sswq5_1 sswq6_1 sswq7_1
    sswq8_1 sswq9_1 sswq10_1 sswq11_1 sswq12_1 sswq13_1 sswq14_1
    sswq15_1 sswq16_1;

    Categorical is
  	sswq1_1 sswq2_1 sswq3_1 sswq4_1 sswq5_1 sswq6_1 sswq7_1
    sswq8_1 sswq9_1 sswq10_1 sswq11_1 sswq12_1 sswq13_1 sswq14_1
    sswq15_1 sswq16_1;

    Idvariable is studentid;

  Analysis:
     Estimator = wlsmv;

  Model:
    scs by sswq2_1 sswq6_1 sswq10_1 sswq14_1;
    jls by sswq1_1 sswq5_1 sswq9_1 sswq13_1;
    eps by sswq3_1 sswq7_1 sswq11_1 sswq15_1;
    aes by sswq4_1 sswq8_1 sswq12_1 sswq16_1;

  Output: sampstat stdyx modindices(all);



*** WARNING
  Data set contains cases with missing on all variables.
  These cases were not included in the analysis.
  Number of cases with missing on all variables:  3
   1 WARNING(S) FOUND IN THE INPUT INSTRUCTIONS



Student GHQ Baseline CFA;

SUMMARY OF ANALYSIS

Number of groups                                                 1
Number of observations                                         537

Number of dependent variables                                   16
Number of independent variables                                  0
Number of continuous latent variables                            4

Observed dependent variables

  Binary and ordered categorical (ordinal)
   SSWQ1_1     SSWQ2_1     SSWQ3_1     SSWQ4_1     SSWQ5_1     SSWQ6_1
   SSWQ7_1     SSWQ8_1     SSWQ9_1     SSWQ10_1    SSWQ11_1    SSWQ12_1
   SSWQ13_1    SSWQ14_1    SSWQ15_1    SSWQ16_1

Continuous latent variables
   SCS         JLS         EPS         AES

Variables with special functions

  ID variable           STUDENTI

Estimator                                                    WLSMV
Maximum number of iterations                                  1000
Convergence criterion                                    0.500D-04
Maximum number of steepest descent iterations                   20
Maximum number of iterations for H1                           2000
Convergence criterion for H1                             0.100D-03
Parameterization                                             DELTA
Link                                                        PROBIT

Input data file(s)
  ../dat_stu_1.txt

Input data format  FREE


SUMMARY OF DATA

     Number of missing data patterns             1


COVARIANCE COVERAGE OF DATA

Minimum covariance coverage value   0.100


     PROPORTION OF DATA PRESENT


           Covariance Coverage
              SSWQ1_1       SSWQ2_1       SSWQ3_1       SSWQ4_1       SSWQ5_1
              ________      ________      ________      ________      ________
 SSWQ1_1        1.000
 SSWQ2_1        1.000         1.000
 SSWQ3_1        1.000         1.000         1.000
 SSWQ4_1        1.000         1.000         1.000         1.000
 SSWQ5_1        1.000         1.000         1.000         1.000         1.000
 SSWQ6_1        1.000         1.000         1.000         1.000         1.000
 SSWQ7_1        1.000         1.000         1.000         1.000         1.000
 SSWQ8_1        1.000         1.000         1.000         1.000         1.000
 SSWQ9_1        1.000         1.000         1.000         1.000         1.000
 SSWQ10_1       1.000         1.000         1.000         1.000         1.000
 SSWQ11_1       1.000         1.000         1.000         1.000         1.000
 SSWQ12_1       1.000         1.000         1.000         1.000         1.000
 SSWQ13_1       1.000         1.000         1.000         1.000         1.000
 SSWQ14_1       1.000         1.000         1.000         1.000         1.000
 SSWQ15_1       1.000         1.000         1.000         1.000         1.000
 SSWQ16_1       1.000         1.000         1.000         1.000         1.000


           Covariance Coverage
              SSWQ6_1       SSWQ7_1       SSWQ8_1       SSWQ9_1       SSWQ10_1
              ________      ________      ________      ________      ________
 SSWQ6_1        1.000
 SSWQ7_1        1.000         1.000
 SSWQ8_1        1.000         1.000         1.000
 SSWQ9_1        1.000         1.000         1.000         1.000
 SSWQ10_1       1.000         1.000         1.000         1.000         1.000
 SSWQ11_1       1.000         1.000         1.000         1.000         1.000
 SSWQ12_1       1.000         1.000         1.000         1.000         1.000
 SSWQ13_1       1.000         1.000         1.000         1.000         1.000
 SSWQ14_1       1.000         1.000         1.000         1.000         1.000
 SSWQ15_1       1.000         1.000         1.000         1.000         1.000
 SSWQ16_1       1.000         1.000         1.000         1.000         1.000


           Covariance Coverage
              SSWQ11_1      SSWQ12_1      SSWQ13_1      SSWQ14_1      SSWQ15_1
              ________      ________      ________      ________      ________
 SSWQ11_1       1.000
 SSWQ12_1       1.000         1.000
 SSWQ13_1       1.000         1.000         1.000
 SSWQ14_1       1.000         1.000         1.000         1.000
 SSWQ15_1       1.000         1.000         1.000         1.000         1.000
 SSWQ16_1       1.000         1.000         1.000         1.000         1.000


           Covariance Coverage
              SSWQ16_1
              ________
 SSWQ16_1       1.000


UNIVARIATE PROPORTIONS AND COUNTS FOR CATEGORICAL VARIABLES

    SSWQ1_1
      Category 1    0.086           46.000
      Category 2    0.331          178.000
      Category 3    0.326          175.000
      Category 4    0.257          138.000
    SSWQ2_1
      Category 1    0.156           84.000
      Category 2    0.300          161.000
      Category 3    0.335          180.000
      Category 4    0.209          112.000
    SSWQ3_1
      Category 1    0.074           40.000
      Category 2    0.231          124.000
      Category 3    0.352          189.000
      Category 4    0.343          184.000
    SSWQ4_1
      Category 1    0.065           35.000
      Category 2    0.331          178.000
      Category 3    0.391          210.000
      Category 4    0.212          114.000
    SSWQ5_1
      Category 1    0.061           33.000
      Category 2    0.270          145.000
      Category 3    0.358          192.000
      Category 4    0.311          167.000
    SSWQ6_1
      Category 1    0.104           56.000
      Category 2    0.236          127.000
      Category 3    0.354          190.000
      Category 4    0.305          164.000
    SSWQ7_1
      Category 1    0.037           20.000
      Category 2    0.164           88.000
      Category 3    0.313          168.000
      Category 4    0.486          261.000
    SSWQ8_1
      Category 1    0.043           23.000
      Category 2    0.326          175.000
      Category 3    0.385          207.000
      Category 4    0.246          132.000
    SSWQ9_1
      Category 1    0.104           56.000
      Category 2    0.296          159.000
      Category 3    0.270          145.000
      Category 4    0.330          177.000
    SSWQ10_1
      Category 1    0.084           45.000
      Category 2    0.270          145.000
      Category 3    0.387          208.000
      Category 4    0.259          139.000
    SSWQ11_1
      Category 1    0.086           46.000
      Category 2    0.231          124.000
      Category 3    0.283          152.000
      Category 4    0.400          215.000
    SSWQ12_1
      Category 1    0.035           19.000
      Category 2    0.318          171.000
      Category 3    0.376          202.000
      Category 4    0.270          145.000
    SSWQ13_1
      Category 1    0.067           36.000
      Category 2    0.298          160.000
      Category 3    0.345          185.000
      Category 4    0.291          156.000
    SSWQ14_1
      Category 1    0.050           27.000
      Category 2    0.197          106.000
      Category 3    0.417          224.000
      Category 4    0.335          180.000
    SSWQ15_1
      Category 1    0.035           19.000
      Category 2    0.188          101.000
      Category 3    0.281          151.000
      Category 4    0.495          266.000
    SSWQ16_1
      Category 1    0.052           28.000
      Category 2    0.341          183.000
      Category 3    0.421          226.000
      Category 4    0.186          100.000


SAMPLE STATISTICS


     ESTIMATED SAMPLE STATISTICS


           MEANS/INTERCEPTS/THRESHOLDS
              SSWQ1_1$      SSWQ1_1$      SSWQ1_1$      SSWQ2_1$      SSWQ2_1$
              ________      ________      ________      ________      ________
               -1.368        -0.209         0.653        -1.009        -0.110


           MEANS/INTERCEPTS/THRESHOLDS
              SSWQ2_1$      SSWQ3_1$      SSWQ3_1$      SSWQ3_1$      SSWQ4_1$
              ________      ________      ________      ________      ________
                0.811        -1.443        -0.509         0.405        -1.513


           MEANS/INTERCEPTS/THRESHOLDS
              SSWQ4_1$      SSWQ4_1$      SSWQ5_1$      SSWQ5_1$      SSWQ5_1$
              ________      ________      ________      ________      ________
               -0.262         0.798        -1.543        -0.436         0.493


           MEANS/INTERCEPTS/THRESHOLDS
              SSWQ6_1$      SSWQ6_1$      SSWQ6_1$      SSWQ7_1$      SSWQ7_1$
              ________      ________      ________      ________      ________
               -1.258        -0.410         0.509        -1.784        -0.838


           MEANS/INTERCEPTS/THRESHOLDS
              SSWQ7_1$      SSWQ8_1$      SSWQ8_1$      SSWQ8_1$      SSWQ9_1$
              ________      ________      ________      ________      ________
                0.035        -1.719        -0.335         0.688        -1.258


           MEANS/INTERCEPTS/THRESHOLDS
              SSWQ9_1$      SSWQ9_1$      SSWQ10_1      SSWQ10_1      SSWQ10_1
              ________      ________      ________      ________      ________
               -0.252         0.441        -1.380        -0.375         0.647


           MEANS/INTERCEPTS/THRESHOLDS
              SSWQ11_1      SSWQ11_1      SSWQ11_1      SSWQ12_1      SSWQ12_1
              ________      ________      ________      ________      ________
               -1.368        -0.477         0.252        -1.807        -0.375


           MEANS/INTERCEPTS/THRESHOLDS
              SSWQ12_1      SSWQ13_1      SSWQ13_1      SSWQ13_1      SSWQ14_1
              ________      ________      ________      ________      ________
                0.613        -1.498        -0.345         0.552        -1.642


           MEANS/INTERCEPTS/THRESHOLDS
              SSWQ14_1      SSWQ14_1      SSWQ15_1      SSWQ15_1      SSWQ15_1
              ________      ________      ________      ________      ________
               -0.682         0.426        -1.807        -0.761         0.012


           MEANS/INTERCEPTS/THRESHOLDS
              SSWQ16_1      SSWQ16_1      SSWQ16_1
              ________      ________      ________
               -1.624        -0.272         0.892


           CORRELATION MATRIX (WITH VARIANCES ON THE DIAGONAL)
              SSWQ1_1       SSWQ2_1       SSWQ3_1       SSWQ4_1       SSWQ5_1
              ________      ________      ________      ________      ________
 SSWQ1_1
 SSWQ2_1        0.375
 SSWQ3_1        0.517         0.427
 SSWQ4_1        0.397         0.441         0.389
 SSWQ5_1        0.525         0.395         0.629         0.469
 SSWQ6_1        0.181         0.283         0.305         0.248         0.274
 SSWQ7_1        0.517         0.277         0.559         0.429         0.625
 SSWQ8_1        0.400         0.266         0.356         0.587         0.450
 SSWQ9_1        0.441         0.421         0.548         0.408         0.598
 SSWQ10_1       0.215         0.440         0.329         0.344         0.335
 SSWQ11_1       0.465         0.288         0.505         0.379         0.602
 SSWQ12_1       0.429         0.322         0.454         0.534         0.514
 SSWQ13_1       0.543         0.347         0.594         0.435         0.646
 SSWQ14_1       0.263         0.342         0.327         0.319         0.378
 SSWQ15_1       0.445         0.386         0.495         0.392         0.566
 SSWQ16_1       0.362         0.307         0.353         0.563         0.479


           CORRELATION MATRIX (WITH VARIANCES ON THE DIAGONAL)
              SSWQ6_1       SSWQ7_1       SSWQ8_1       SSWQ9_1       SSWQ10_1
              ________      ________      ________      ________      ________
 SSWQ7_1        0.226
 SSWQ8_1        0.206         0.469
 SSWQ9_1        0.339         0.464         0.454
 SSWQ10_1       0.336         0.252         0.374         0.388
 SSWQ11_1       0.254         0.724         0.420         0.458         0.279
 SSWQ12_1       0.235         0.507         0.779         0.501         0.364
 SSWQ13_1       0.288         0.658         0.561         0.614         0.375
 SSWQ14_1       0.368         0.359         0.403         0.312         0.540
 SSWQ15_1       0.269         0.645         0.473         0.473         0.343
 SSWQ16_1       0.268         0.446         0.837         0.449         0.335


           CORRELATION MATRIX (WITH VARIANCES ON THE DIAGONAL)
              SSWQ11_1      SSWQ12_1      SSWQ13_1      SSWQ14_1      SSWQ15_1
              ________      ________      ________      ________      ________
 SSWQ12_1       0.519
 SSWQ13_1       0.593         0.616
 SSWQ14_1       0.357         0.406         0.405
 SSWQ15_1       0.676         0.551         0.629         0.338
 SSWQ16_1       0.418         0.689         0.486         0.410         0.435


           CORRELATION MATRIX (WITH VARIANCES ON THE DIAGONAL)
              SSWQ16_1
              ________


THE MODEL ESTIMATION TERMINATED NORMALLY



MODEL FIT INFORMATION

Number of Free Parameters                       70

Chi-Square Test of Model Fit

          Value                            368.504*
          Degrees of Freedom                    98
          P-Value                           0.0000

*   The chi-square value for MLM, MLMV, MLR, ULSMV, WLSM and WLSMV cannot be used
    for chi-square difference testing in the regular way.  MLM, MLR and WLSM
    chi-square difference testing is described on the Mplus website.  MLMV, WLSMV,
    and ULSMV difference testing is done using the DIFFTEST option.

RMSEA (Root Mean Square Error Of Approximation)

          Estimate                           0.072
          90 Percent C.I.                    0.064  0.080
          Probability RMSEA <= .05           0.000

CFI/TLI

          CFI                                0.968
          TLI                                0.961

Chi-Square Test of Model Fit for the Baseline Model

          Value                           8543.563
          Degrees of Freedom                   120
          P-Value                           0.0000

SRMR (Standardized Root Mean Square Residual)

          Value                              0.041

Optimum Function Value for Weighted Least-Squares Estimator

          Value                     0.20620855D+00



MODEL RESULTS

                                                    Two-Tailed
                    Estimate       S.E.  Est./S.E.    P-Value

 SCS      BY
    SSWQ2_1            1.000      0.000    999.000    999.000
    SSWQ6_1            0.756      0.079      9.595      0.000
    SSWQ10_1           1.016      0.076     13.314      0.000
    SSWQ14_1           1.062      0.086     12.325      0.000

 JLS      BY
    SSWQ1_1            1.000      0.000    999.000    999.000
    SSWQ5_1            1.237      0.060     20.486      0.000
    SSWQ9_1            1.112      0.055     20.063      0.000
    SSWQ13_1           1.295      0.060     21.471      0.000

 EPS      BY
    SSWQ3_1            1.000      0.000    999.000    999.000
    SSWQ7_1            1.105      0.042     26.049      0.000
    SSWQ11_1           1.067      0.041     25.745      0.000
    SSWQ15_1           1.058      0.043     24.440      0.000

 AES      BY
    SSWQ4_1            1.000      0.000    999.000    999.000
    SSWQ8_1            1.295      0.054     24.084      0.000
    SSWQ12_1           1.238      0.052     23.841      0.000
    SSWQ16_1           1.227      0.047     25.950      0.000

 JLS      WITH
    SCS                0.298      0.029     10.347      0.000

 EPS      WITH
    SCS                0.310      0.031     10.016      0.000
    JLS                0.452      0.028     16.296      0.000

 AES      WITH
    SCS                0.289      0.030      9.530      0.000
    JLS                0.336      0.026     12.808      0.000
    EPS                0.349      0.028     12.563      0.000

 Thresholds
    SSWQ1_1$1         -1.368      0.077    -17.729      0.000
    SSWQ1_1$2         -0.209      0.055     -3.838      0.000
    SSWQ1_1$3          0.653      0.058     11.159      0.000
    SSWQ2_1$1         -1.009      0.065    -15.435      0.000
    SSWQ2_1$2         -0.110      0.054     -2.028      0.043
    SSWQ2_1$3          0.811      0.061     13.284      0.000
    SSWQ3_1$1         -1.443      0.080    -17.936      0.000
    SSWQ3_1$2         -0.509      0.057     -8.975      0.000
    SSWQ3_1$3          0.405      0.056      7.272      0.000
    SSWQ4_1$1         -1.513      0.084    -18.045      0.000
    SSWQ4_1$2         -0.262      0.055     -4.785      0.000
    SSWQ4_1$3          0.798      0.061     13.124      0.000
    SSWQ5_1$1         -1.543      0.085    -18.067      0.000
    SSWQ5_1$2         -0.436      0.056     -7.784      0.000
    SSWQ5_1$3          0.493      0.057      8.720      0.000
    SSWQ6_1$1         -1.258      0.073    -17.252      0.000
    SSWQ6_1$2         -0.410      0.056     -7.357      0.000
    SSWQ6_1$3          0.509      0.057      8.975      0.000
    SSWQ7_1$1         -1.784      0.101    -17.746      0.000
    SSWQ7_1$2         -0.838      0.062    -13.603      0.000
    SSWQ7_1$3          0.035      0.054      0.647      0.517
    SSWQ8_1$1         -1.719      0.096    -17.917      0.000
    SSWQ8_1$2         -0.335      0.055     -6.073      0.000
    SSWQ8_1$3          0.688      0.059     11.657      0.000
    SSWQ9_1$1         -1.258      0.073    -17.252      0.000
    SSWQ9_1$2         -0.252      0.055     -4.613      0.000
    SSWQ9_1$3          0.441      0.056      7.869      0.000
    SSWQ10_1$1        -1.380      0.078    -17.768      0.000
    SSWQ10_1$2        -0.375      0.055     -6.759      0.000
    SSWQ10_1$3         0.647      0.058     11.076      0.000
    SSWQ11_1$1        -1.368      0.077    -17.729      0.000
    SSWQ11_1$2        -0.477      0.056     -8.465      0.000
    SSWQ11_1$3         0.252      0.055      4.613      0.000
    SSWQ12_1$1        -1.807      0.102    -17.671      0.000
    SSWQ12_1$2        -0.375      0.055     -6.759      0.000
    SSWQ12_1$3         0.613      0.058     10.575      0.000
    SSWQ13_1$1        -1.498      0.083    -18.028      0.000
    SSWQ13_1$2        -0.345      0.055     -6.245      0.000
    SSWQ13_1$3         0.552      0.057      9.651      0.000
    SSWQ14_1$1        -1.642      0.091    -18.040      0.000
    SSWQ14_1$2        -0.682      0.059    -11.574      0.000
    SSWQ14_1$3         0.426      0.056      7.613      0.000
    SSWQ15_1$1        -1.807      0.102    -17.671      0.000
    SSWQ15_1$2        -0.761      0.060    -12.640      0.000
    SSWQ15_1$3         0.012      0.054      0.216      0.829
    SSWQ16_1$1        -1.624      0.090    -18.056      0.000
    SSWQ16_1$2        -0.272      0.055     -4.957      0.000
    SSWQ16_1$3         0.892      0.063     14.230      0.000

 Variances
    SCS                0.432      0.049      8.843      0.000
    JLS                0.417      0.037     11.130      0.000
    EPS                0.558      0.037     14.958      0.000
    AES                0.489      0.039     12.668      0.000


STANDARDIZED MODEL RESULTS


STDYX Standardization

                                                    Two-Tailed
                    Estimate       S.E.  Est./S.E.    P-Value

 SCS      BY
    SSWQ2_1            0.657      0.037     17.687      0.000
    SSWQ6_1            0.497      0.044     11.262      0.000
    SSWQ10_1           0.668      0.034     19.809      0.000
    SSWQ14_1           0.698      0.038     18.388      0.000

 JLS      BY
    SSWQ1_1            0.646      0.029     22.260      0.000
    SSWQ5_1            0.799      0.020     39.824      0.000
    SSWQ9_1            0.718      0.025     29.035      0.000
    SSWQ13_1           0.836      0.018     47.253      0.000

 EPS      BY
    SSWQ3_1            0.747      0.025     29.916      0.000
    SSWQ7_1            0.826      0.022     37.972      0.000
    SSWQ11_1           0.798      0.021     38.408      0.000
    SSWQ15_1           0.791      0.023     33.898      0.000

 AES      BY
    SSWQ4_1            0.699      0.028     25.337      0.000
    SSWQ8_1            0.906      0.013     71.277      0.000
    SSWQ12_1           0.865      0.017     52.016      0.000
    SSWQ16_1           0.858      0.016     52.067      0.000

 JLS      WITH
    SCS                0.701      0.036     19.577      0.000

 EPS      WITH
    SCS                0.630      0.041     15.241      0.000
    JLS                0.937      0.016     57.126      0.000

 AES      WITH
    SCS                0.630      0.039     16.210      0.000
    JLS                0.744      0.027     27.635      0.000
    EPS                0.668      0.033     20.449      0.000

 Thresholds
    SSWQ1_1$1         -1.368      0.077    -17.729      0.000
    SSWQ1_1$2         -0.209      0.055     -3.838      0.000
    SSWQ1_1$3          0.653      0.058     11.159      0.000
    SSWQ2_1$1         -1.009      0.065    -15.435      0.000
    SSWQ2_1$2         -0.110      0.054     -2.028      0.043
    SSWQ2_1$3          0.811      0.061     13.284      0.000
    SSWQ3_1$1         -1.443      0.080    -17.936      0.000
    SSWQ3_1$2         -0.509      0.057     -8.975      0.000
    SSWQ3_1$3          0.405      0.056      7.272      0.000
    SSWQ4_1$1         -1.513      0.084    -18.045      0.000
    SSWQ4_1$2         -0.262      0.055     -4.785      0.000
    SSWQ4_1$3          0.798      0.061     13.124      0.000
    SSWQ5_1$1         -1.543      0.085    -18.067      0.000
    SSWQ5_1$2         -0.436      0.056     -7.784      0.000
    SSWQ5_1$3          0.493      0.057      8.720      0.000
    SSWQ6_1$1         -1.258      0.073    -17.252      0.000
    SSWQ6_1$2         -0.410      0.056     -7.357      0.000
    SSWQ6_1$3          0.509      0.057      8.975      0.000
    SSWQ7_1$1         -1.784      0.101    -17.746      0.000
    SSWQ7_1$2         -0.838      0.062    -13.603      0.000
    SSWQ7_1$3          0.035      0.054      0.647      0.517
    SSWQ8_1$1         -1.719      0.096    -17.917      0.000
    SSWQ8_1$2         -0.335      0.055     -6.073      0.000
    SSWQ8_1$3          0.688      0.059     11.657      0.000
    SSWQ9_1$1         -1.258      0.073    -17.252      0.000
    SSWQ9_1$2         -0.252      0.055     -4.613      0.000
    SSWQ9_1$3          0.441      0.056      7.869      0.000
    SSWQ10_1$1        -1.380      0.078    -17.768      0.000
    SSWQ10_1$2        -0.375      0.055     -6.759      0.000
    SSWQ10_1$3         0.647      0.058     11.076      0.000
    SSWQ11_1$1        -1.368      0.077    -17.729      0.000
    SSWQ11_1$2        -0.477      0.056     -8.465      0.000
    SSWQ11_1$3         0.252      0.055      4.613      0.000
    SSWQ12_1$1        -1.807      0.102    -17.671      0.000
    SSWQ12_1$2        -0.375      0.055     -6.759      0.000
    SSWQ12_1$3         0.613      0.058     10.575      0.000
    SSWQ13_1$1        -1.498      0.083    -18.028      0.000
    SSWQ13_1$2        -0.345      0.055     -6.245      0.000
    SSWQ13_1$3         0.552      0.057      9.651      0.000
    SSWQ14_1$1        -1.642      0.091    -18.040      0.000
    SSWQ14_1$2        -0.682      0.059    -11.574      0.000
    SSWQ14_1$3         0.426      0.056      7.613      0.000
    SSWQ15_1$1        -1.807      0.102    -17.671      0.000
    SSWQ15_1$2        -0.761      0.060    -12.640      0.000
    SSWQ15_1$3         0.012      0.054      0.216      0.829
    SSWQ16_1$1        -1.624      0.090    -18.056      0.000
    SSWQ16_1$2        -0.272      0.055     -4.957      0.000
    SSWQ16_1$3         0.892      0.063     14.230      0.000

 Variances
    SCS                1.000      0.000    999.000    999.000
    JLS                1.000      0.000    999.000    999.000
    EPS                1.000      0.000    999.000    999.000
    AES                1.000      0.000    999.000    999.000


R-SQUARE

    Observed                                        Two-Tailed   Residual
    Variable        Estimate       S.E.  Est./S.E.    P-Value    Variance

    SSWQ1_1            0.417      0.037     11.130      0.000      0.583
    SSWQ2_1            0.432      0.049      8.843      0.000      0.568
    SSWQ3_1            0.558      0.037     14.958      0.000      0.442
    SSWQ4_1            0.489      0.039     12.668      0.000      0.511
    SSWQ5_1            0.638      0.032     19.912      0.000      0.362
    SSWQ6_1            0.247      0.044      5.631      0.000      0.753
    SSWQ7_1            0.682      0.036     18.986      0.000      0.318
    SSWQ8_1            0.820      0.023     35.639      0.000      0.180
    SSWQ9_1            0.516      0.036     14.518      0.000      0.484
    SSWQ10_1           0.446      0.045      9.904      0.000      0.554
    SSWQ11_1           0.636      0.033     19.204      0.000      0.364
    SSWQ12_1           0.749      0.029     26.008      0.000      0.251
    SSWQ13_1           0.699      0.030     23.626      0.000      0.301
    SSWQ14_1           0.487      0.053      9.194      0.000      0.513
    SSWQ15_1           0.625      0.037     16.949      0.000      0.375
    SSWQ16_1           0.736      0.028     26.034      0.000      0.264


QUALITY OF NUMERICAL RESULTS

     Condition Number for the Information Matrix              0.317E-02
       (ratio of smallest to largest eigenvalue)


MODEL MODIFICATION INDICES

Minimum M.I. value for printing the modification index    10.000

                                   M.I.     E.P.C.  Std E.P.C.  StdYX E.P.C.

ON/BY Statements

SSWQ2_1  ON JLS      /
JLS      BY SSWQ2_1               21.148     0.468      0.302        0.302
SSWQ2_1  ON EPS      /
EPS      BY SSWQ2_1               18.713     0.333      0.249        0.249
SSWQ3_1  ON SCS      /
SCS      BY SSWQ3_1               16.920     0.344      0.226        0.226
SSWQ3_1  ON JLS      /
JLS      BY SSWQ3_1               34.848     1.844      1.191        1.191
SSWQ4_1  ON SCS      /
SCS      BY SSWQ4_1               42.871     0.471      0.309        0.309
SSWQ4_1  ON JLS      /
JLS      BY SSWQ4_1               30.802     0.388      0.250        0.250
SSWQ4_1  ON EPS      /
EPS      BY SSWQ4_1               26.365     0.276      0.206        0.206
SSWQ7_1  ON SCS      /
SCS      BY SSWQ7_1               11.874    -0.309     -0.203       -0.203
SSWQ8_1  ON SCS      /
SCS      BY SSWQ8_1               34.422    -0.481     -0.316       -0.316
SSWQ8_1  ON JLS      /
JLS      BY SSWQ8_1               45.360    -0.524     -0.338       -0.338
SSWQ8_1  ON EPS      /
EPS      BY SSWQ8_1               42.658    -0.389     -0.291       -0.291
SSWQ9_1  ON SCS      /
SCS      BY SSWQ9_1               14.069     0.348      0.228        0.228
SSWQ9_1  ON EPS      /
EPS      BY SSWQ9_1               13.846    -0.925     -0.691       -0.691
SSWQ10_1 ON JLS      /
JLS      BY SSWQ10_1              17.543    -0.444     -0.287       -0.287
SSWQ10_1 ON EPS      /
EPS      BY SSWQ10_1              17.091    -0.331     -0.247       -0.247
SSWQ11_1 ON JLS      /
JLS      BY SSWQ11_1              16.328    -1.284     -0.829       -0.829
SSWQ12_1 ON SCS      /
SCS      BY SSWQ12_1              10.279     0.251      0.165        0.165
SSWQ12_1 ON JLS      /
JLS      BY SSWQ12_1              41.686     0.457      0.295        0.295
SSWQ12_1 ON EPS      /
EPS      BY SSWQ12_1              42.911     0.357      0.267        0.267
SSWQ16_1 ON JLS      /
JLS      BY SSWQ16_1              23.232    -0.356     -0.230       -0.230
SSWQ16_1 ON EPS      /
EPS      BY SSWQ16_1              22.547    -0.271     -0.202       -0.202

ON Statements

SCS      ON SSWQ2_1               17.025    -0.127     -0.194       -0.194
SCS      ON SSWQ3_1               12.606     0.074      0.113        0.113
SCS      ON SSWQ4_1               21.214     0.088      0.135        0.135
SCS      ON SSWQ7_1               10.448    -0.073     -0.111       -0.111
SCS      ON SSWQ9_1               11.576     0.070      0.106        0.106
SCS      ON SSWQ10_1              14.518     0.123      0.187        0.187
JLS      ON SSWQ3_1               31.121     0.095      0.148        0.148
JLS      ON SSWQ8_1               10.493    -0.055     -0.086       -0.086
JLS      ON SSWQ12_1              13.401     0.058      0.090        0.090
EPS      ON SSWQ3_1               44.875    -0.155     -0.207       -0.207
EPS      ON SSWQ8_1               13.040    -0.072     -0.097       -0.097
EPS      ON SSWQ9_1               13.024    -0.073     -0.097       -0.097
EPS      ON SSWQ11_1              18.062     0.100      0.134        0.134
EPS      ON SSWQ12_1              20.207     0.085      0.114        0.114
AES      ON SSWQ4_1               40.102    -0.118     -0.169       -0.169
AES      ON SSWQ8_1               49.561     0.147      0.210        0.210
AES      ON SSWQ12_1              35.909    -0.114     -0.163       -0.163
AES      ON SSWQ16_1              22.154     0.093      0.133        0.133
SSWQ2_1  ON SSWQ1_1               14.148     0.115      0.115        0.115
SSWQ2_1  ON SSWQ3_1               23.627     0.140      0.140        0.140
SSWQ2_1  ON SSWQ4_1               23.750     0.137      0.137        0.137
SSWQ2_1  ON SSWQ9_1               17.980     0.129      0.129        0.129
SSWQ2_1  ON SSWQ14_1              16.946    -0.166     -0.166       -0.166
SSWQ2_1  ON SSWQ15_1              10.369     0.097      0.097        0.097
SSWQ3_1  ON SSWQ1_1               10.541     0.093      0.093        0.093
SSWQ3_1  ON SSWQ2_1               20.529     0.127      0.127        0.127
SSWQ3_1  ON SSWQ5_1               15.501     0.107      0.107        0.107
SSWQ3_1  ON SSWQ11_1              12.766    -0.119     -0.119       -0.119
SSWQ3_1  ON SSWQ15_1              11.590    -0.122     -0.122       -0.122
SSWQ4_1  ON SSWQ1_1               15.381     0.106      0.106        0.106
SSWQ4_1  ON SSWQ2_1               41.959     0.172      0.172        0.172
SSWQ4_1  ON SSWQ3_1               11.691     0.088      0.088        0.088
SSWQ4_1  ON SSWQ5_1               15.582     0.100      0.100        0.100
SSWQ4_1  ON SSWQ7_1               12.896     0.089      0.089        0.089
SSWQ4_1  ON SSWQ9_1               11.045     0.091      0.091        0.091
SSWQ4_1  ON SSWQ10_1              14.066     0.095      0.095        0.095
SSWQ4_1  ON SSWQ12_1              11.733    -0.100     -0.100       -0.100
SSWQ5_1  ON SSWQ3_1               12.061     0.092      0.092        0.092
SSWQ5_1  ON SSWQ8_1               10.436    -0.079     -0.079       -0.079
SSWQ7_1  ON SSWQ9_1               11.716    -0.117     -0.117       -0.117
SSWQ7_1  ON SSWQ10_1              11.804    -0.108     -0.108       -0.108
SSWQ7_1  ON SSWQ11_1              22.133     0.126      0.126        0.126
SSWQ8_1  ON SSWQ1_1               12.617    -0.104     -0.104       -0.104
SSWQ8_1  ON SSWQ2_1               23.389    -0.149     -0.149       -0.149
SSWQ8_1  ON SSWQ3_1               28.599    -0.154     -0.154       -0.154
SSWQ8_1  ON SSWQ5_1               29.589    -0.145     -0.145       -0.145
SSWQ8_1  ON SSWQ6_1               14.343    -0.128     -0.128       -0.128
SSWQ8_1  ON SSWQ7_1               14.911    -0.097     -0.097       -0.097
SSWQ8_1  ON SSWQ9_1               13.151    -0.106     -0.106       -0.106
SSWQ8_1  ON SSWQ11_1              21.721    -0.124     -0.124       -0.124
SSWQ8_1  ON SSWQ15_1              10.140    -0.084     -0.084       -0.084
SSWQ8_1  ON SSWQ16_1              74.429     0.203      0.203        0.203
SSWQ9_1  ON SSWQ2_1               13.386     0.104      0.104        0.104
SSWQ9_1  ON SSWQ6_1               11.722     0.109      0.109        0.109
SSWQ9_1  ON SSWQ7_1               12.171    -0.114     -0.114       -0.114
SSWQ10_1 ON SSWQ1_1               14.079    -0.123     -0.123       -0.123
SSWQ10_1 ON SSWQ7_1               15.690    -0.124     -0.124       -0.124
SSWQ10_1 ON SSWQ14_1              14.315     0.133      0.133        0.133
SSWQ11_1 ON SSWQ3_1               12.763    -0.119     -0.119       -0.119
SSWQ11_1 ON SSWQ7_1               22.133     0.126      0.126        0.126
SSWQ12_1 ON SSWQ3_1               14.029     0.099      0.099        0.099
SSWQ12_1 ON SSWQ4_1               11.732    -0.100     -0.100       -0.100
SSWQ12_1 ON SSWQ7_1               16.165     0.099      0.099        0.099
SSWQ12_1 ON SSWQ9_1               15.077     0.107      0.107        0.107
SSWQ12_1 ON SSWQ11_1              22.093     0.117      0.117        0.117
SSWQ12_1 ON SSWQ13_1              30.321     0.121      0.121        0.121
SSWQ12_1 ON SSWQ15_1              32.382     0.135      0.135        0.135
SSWQ12_1 ON SSWQ16_1              14.057    -0.100     -0.100       -0.100
SSWQ13_1 ON SSWQ12_1              11.060     0.072      0.072        0.072
SSWQ14_1 ON SSWQ2_1               16.944    -0.166     -0.166       -0.166
SSWQ14_1 ON SSWQ10_1              14.317     0.133      0.133        0.133
SSWQ15_1 ON SSWQ3_1               11.586    -0.122     -0.122       -0.122
SSWQ15_1 ON SSWQ12_1              13.011     0.084      0.084        0.084
SSWQ16_1 ON SSWQ1_1               10.690    -0.096     -0.096       -0.096
SSWQ16_1 ON SSWQ3_1               15.972    -0.112     -0.112       -0.112
SSWQ16_1 ON SSWQ8_1               74.429     0.203      0.203        0.203
SSWQ16_1 ON SSWQ11_1              10.621    -0.087     -0.087       -0.087
SSWQ16_1 ON SSWQ12_1              14.059    -0.100     -0.100       -0.100
SSWQ16_1 ON SSWQ13_1              12.354    -0.085     -0.085       -0.085

WITH Statements

SSWQ2_1  WITH SCS                 17.026    -0.127     -0.194       -0.257
SSWQ3_1  WITH SCS                 12.606     0.074      0.113        0.170
SSWQ3_1  WITH JLS                 31.122     0.095      0.148        0.222
SSWQ3_1  WITH EPS                 44.871    -0.155     -0.207       -0.311
SSWQ3_1  WITH SSWQ2_1             15.267     0.135      0.135        0.270
SSWQ4_1  WITH SCS                 21.213     0.088      0.135        0.188
SSWQ4_1  WITH AES                 40.101    -0.118     -0.169       -0.236
SSWQ4_1  WITH SSWQ2_1             26.319     0.171      0.171        0.318
SSWQ5_1  WITH SSWQ3_1             11.386     0.094      0.094        0.235
SSWQ7_1  WITH SCS                 10.449    -0.073     -0.111       -0.196
SSWQ8_1  WITH JLS                 10.493    -0.055     -0.086       -0.202
SSWQ8_1  WITH EPS                 13.038    -0.072     -0.097       -0.228
SSWQ8_1  WITH AES                 49.563     0.147      0.210        0.496
SSWQ8_1  WITH SSWQ2_1             10.766    -0.126     -0.126       -0.395
SSWQ8_1  WITH SSWQ5_1             10.235    -0.106     -0.106       -0.415
SSWQ9_1  WITH SCS                 11.576     0.070      0.106        0.153
SSWQ9_1  WITH EPS                 13.022    -0.073     -0.097       -0.140
SSWQ9_1  WITH SSWQ7_1             10.004    -0.110     -0.110       -0.281
SSWQ10_1 WITH SCS                 14.517     0.123      0.187        0.251
SSWQ11_1 WITH EPS                 18.064     0.100      0.134        0.223
SSWQ11_1 WITH SSWQ3_1             12.763    -0.119     -0.119       -0.297
SSWQ11_1 WITH SSWQ7_1             22.134     0.126      0.126        0.369
SSWQ12_1 WITH JLS                 13.402     0.058      0.090        0.179
SSWQ12_1 WITH EPS                 20.209     0.085      0.114        0.227
SSWQ12_1 WITH AES                 35.907    -0.114     -0.163       -0.326
SSWQ12_1 WITH SSWQ4_1             11.733    -0.100     -0.100       -0.278
SSWQ13_1 WITH SSWQ12_1            13.453     0.101      0.101        0.367
SSWQ14_1 WITH SSWQ2_1             16.946    -0.166     -0.166       -0.308
SSWQ14_1 WITH SSWQ10_1            14.316     0.133      0.133        0.250
SSWQ15_1 WITH SSWQ3_1             11.587    -0.122     -0.122       -0.301
SSWQ15_1 WITH SSWQ12_1            12.483     0.112      0.112        0.364
SSWQ16_1 WITH AES                 22.155     0.093      0.133        0.259
SSWQ16_1 WITH SSWQ8_1             74.431     0.203      0.203        0.931
SSWQ16_1 WITH SSWQ12_1            14.058    -0.100     -0.100       -0.387


     Beginning Time:  15:37:59
        Ending Time:  15:37:59
       Elapsed Time:  00:00:00



MUTHEN & MUTHEN
3463 Stoner Ave.
Los Angeles, CA  90066

Tel: (310) 391-9971
Fax: (310) 391-8971
Web: www.StatModel.com
Support: Support@StatModel.com

Copyright (c) 1998-2019 Muthen & Muthen
