Mplus VERSION 8.4 (Mac)
MUTHEN & MUTHEN
12/14/2024  11:09 AM

INPUT INSTRUCTIONS

  Title: Student PHQ Baseline CFA;

  Data:
     File is ../dat_stu_1.txt;

  Variable:
     Names are studentid age gender grade country
     dass1_1 dass2_1 dass3_1 dass4_1 dass5_1 dass6_1 dass7_1
     dass8_1 dass9_1 dass10_1 dass11_1 dass12_1 dass13_1 dass14_1
     dass15_1 dass16_1 dass17_1 dass18_1 dass19_1 dass20_1 dass21_1
     phq1_1 phq2_1 phq3_1 phq4_1 phq5_1 phq6_1 phq7_1 phq8_1
     gad1_1 gad2_1 gad3_1 gad4_1 gad5_1 gad6_1 gad7_1
     ghq1_1 ghq2_1 ghq3_1 ghq4_1 ghq5_1 ghq6_1 ghq7_1 ghq8_1
     ghq9_1 ghq10_1 ghq11_1 ghq12_1
     erica1_1 erica2_1 erica3_1 erica4_1 erica5_1 erica6_1 erica7_1
     erica8_1 erica9_1 erica10_1 erica11_1 erica12_1 erica13_1
     erica14_1 erica15_1 erica16_1 erica17_1
     sswq1_1 sswq2_1 sswq3_1 sswq4_1 sswq5_1 sswq6_1 sswq7_1
     sswq8_1 sswq9_1 sswq10_1 sswq11_1 sswq12_1 sswq13_1 sswq14_1
     sswq15_1 sswq16_1 atti1_1 atti2_1 atti3_1 atti4_1 atti5_1 atti6_1
     half;
     Missing are . ;

    Usevariable are
  	phq1_1 phq2_1 phq3_1 phq4_1 phq5_1 phq6_1 phq7_1 phq8_1;

    Categorical is
  	phq1_1 phq2_1 phq3_1 phq4_1 phq5_1 phq6_1 phq7_1 phq8_1;

    Idvariable is studentid;

  Analysis:
     Estimator = wlsmv;

  Model:
    phq_1 by
      phq1_1 phq2_1 phq3_1 phq4_1 phq5_1 phq6_1 phq7_1 phq8_1;

  Output: sampstat stdyx modindices(all);



INPUT READING TERMINATED NORMALLY



Student PHQ Baseline CFA;

SUMMARY OF ANALYSIS

Number of groups                                                 1
Number of observations                                         540

Number of dependent variables                                    8
Number of independent variables                                  0
Number of continuous latent variables                            1

Observed dependent variables

  Binary and ordered categorical (ordinal)
   PHQ1_1      PHQ2_1      PHQ3_1      PHQ4_1      PHQ5_1      PHQ6_1
   PHQ7_1      PHQ8_1

Continuous latent variables
   PHQ_1

Variables with special functions

  ID variable           STUDENTI

Estimator                                                    WLSMV
Maximum number of iterations                                  1000
Convergence criterion                                    0.500D-04
Maximum number of steepest descent iterations                   20
Maximum number of iterations for H1                           2000
Convergence criterion for H1                             0.100D-03
Parameterization                                             DELTA
Link                                                        PROBIT

Input data file(s)
  ../dat_stu_1.txt

Input data format  FREE


SUMMARY OF DATA

     Number of missing data patterns             2


COVARIANCE COVERAGE OF DATA

Minimum covariance coverage value   0.100


     PROPORTION OF DATA PRESENT


           Covariance Coverage
              PHQ1_1        PHQ2_1        PHQ3_1        PHQ4_1        PHQ5_1
              ________      ________      ________      ________      ________
 PHQ1_1         1.000
 PHQ2_1         1.000         1.000
 PHQ3_1         1.000         1.000         1.000
 PHQ4_1         0.998         0.998         0.998         0.998
 PHQ5_1         0.998         0.998         0.998         0.998         0.998
 PHQ6_1         0.998         0.998         0.998         0.998         0.998
 PHQ7_1         0.998         0.998         0.998         0.998         0.998
 PHQ8_1         0.998         0.998         0.998         0.998         0.998


           Covariance Coverage
              PHQ6_1        PHQ7_1        PHQ8_1
              ________      ________      ________
 PHQ6_1         0.998
 PHQ7_1         0.998         0.998
 PHQ8_1         0.998         0.998         0.998


UNIVARIATE PROPORTIONS AND COUNTS FOR CATEGORICAL VARIABLES

    PHQ1_1
      Category 1    0.387          209.000
      Category 2    0.504          272.000
      Category 3    0.061           33.000
      Category 4    0.048           26.000
    PHQ2_1
      Category 1    0.524          283.000
      Category 2    0.339          183.000
      Category 3    0.100           54.000
      Category 4    0.037           20.000
    PHQ3_1
      Category 1    0.406          219.000
      Category 2    0.335          181.000
      Category 3    0.128           69.000
      Category 4    0.131           71.000
    PHQ4_1
      Category 1    0.681          367.000
      Category 2    0.208          112.000
      Category 3    0.072           39.000
      Category 4    0.039           21.000
    PHQ5_1
      Category 1    0.278          150.000
      Category 2    0.453          244.000
      Category 3    0.161           87.000
      Category 4    0.108           58.000
    PHQ6_1
      Category 1    0.631          340.000
      Category 2    0.239          129.000
      Category 3    0.080           43.000
      Category 4    0.050           27.000
    PHQ7_1
      Category 1    0.423          228.000
      Category 2    0.345          186.000
      Category 3    0.135           73.000
      Category 4    0.096           52.000
    PHQ8_1
      Category 1    0.633          341.000
      Category 2    0.288          155.000
      Category 3    0.058           31.000
      Category 4    0.022           12.000


SAMPLE STATISTICS


     ESTIMATED SAMPLE STATISTICS


           MEANS/INTERCEPTS/THRESHOLDS
              PHQ1_1$1      PHQ1_1$2      PHQ1_1$3      PHQ2_1$1      PHQ2_1$2
              ________      ________      ________      ________      ________
               -0.287         1.230         1.663         0.060         1.094


           MEANS/INTERCEPTS/THRESHOLDS
              PHQ2_1$3      PHQ3_1$1      PHQ3_1$2      PHQ3_1$3      PHQ4_1$1
              ________      ________      ________      ________      ________
                1.786        -0.239         0.646         1.119         0.470


           MEANS/INTERCEPTS/THRESHOLDS
              PHQ4_1$2      PHQ4_1$3      PHQ5_1$1      PHQ5_1$2      PHQ5_1$3
              ________      ________      ________      ________      ________
                1.220         1.763        -0.588         0.616         1.239


           MEANS/INTERCEPTS/THRESHOLDS
              PHQ6_1$1      PHQ6_1$2      PHQ6_1$3      PHQ7_1$1      PHQ7_1$2
              ________      ________      ________      ________      ________
                0.334         1.127         1.644        -0.194         0.733


           MEANS/INTERCEPTS/THRESHOLDS
              PHQ7_1$3      PHQ8_1$1      PHQ8_1$2      PHQ8_1$3
              ________      ________      ________      ________
                1.302         0.339         1.407         2.009


           CORRELATION MATRIX (WITH VARIANCES ON THE DIAGONAL)
              PHQ1_1        PHQ2_1        PHQ3_1        PHQ4_1        PHQ5_1
              ________      ________      ________      ________      ________
 PHQ1_1
 PHQ2_1         0.423
 PHQ3_1         0.323         0.292
 PHQ4_1         0.446         0.359         0.372
 PHQ5_1         0.512         0.449         0.391         0.352
 PHQ6_1         0.612         0.486         0.393         0.375         0.498
 PHQ7_1         0.387         0.340         0.297         0.390         0.488
 PHQ8_1         0.492         0.286         0.348         0.353         0.340


           CORRELATION MATRIX (WITH VARIANCES ON THE DIAGONAL)
              PHQ6_1        PHQ7_1        PHQ8_1
              ________      ________      ________
 PHQ7_1         0.395
 PHQ8_1         0.467         0.387


THE MODEL ESTIMATION TERMINATED NORMALLY



MODEL FIT INFORMATION

Number of Free Parameters                       32

Chi-Square Test of Model Fit

          Value                             39.174*
          Degrees of Freedom                    20
          P-Value                           0.0063

*   The chi-square value for MLM, MLMV, MLR, ULSMV, WLSM and WLSMV cannot be used
    for chi-square difference testing in the regular way.  MLM, MLR and WLSM
    chi-square difference testing is described on the Mplus website.  MLMV, WLSMV,
    and ULSMV difference testing is done using the DIFFTEST option.

RMSEA (Root Mean Square Error Of Approximation)

          Estimate                           0.042
          90 Percent C.I.                    0.022  0.062
          Probability RMSEA <= .05           0.726

CFI/TLI

          CFI                                0.988
          TLI                                0.983

Chi-Square Test of Model Fit for the Baseline Model

          Value                           1604.781
          Degrees of Freedom                    28
          P-Value                           0.0000

SRMR (Standardized Root Mean Square Residual)

          Value                              0.030

Optimum Function Value for Weighted Least-Squares Estimator

          Value                     0.22258527D-01



MODEL RESULTS

                                                    Two-Tailed
                    Estimate       S.E.  Est./S.E.    P-Value

 PHQ_1    BY
    PHQ1_1             1.000      0.000    999.000    999.000
    PHQ2_1             0.793      0.057     13.909      0.000
    PHQ3_1             0.701      0.061     11.472      0.000
    PHQ4_1             0.779      0.066     11.735      0.000
    PHQ5_1             0.929      0.057     16.198      0.000
    PHQ6_1             1.013      0.059     17.205      0.000
    PHQ7_1             0.799      0.057     14.094      0.000
    PHQ8_1             0.804      0.064     12.528      0.000

 Thresholds
    PHQ1_1$1          -0.287      0.055     -5.243      0.000
    PHQ1_1$2           1.230      0.072     17.151      0.000
    PHQ1_1$3           1.663      0.092     18.066      0.000
    PHQ2_1$1           0.060      0.054      1.119      0.263
    PHQ2_1$2           1.094      0.067     16.212      0.000
    PHQ2_1$3           1.786      0.100     17.788      0.000
    PHQ3_1$1          -0.239      0.054     -4.385      0.000
    PHQ3_1$2           0.646      0.058     11.089      0.000
    PHQ3_1$3           1.119      0.068     16.412      0.000
    PHQ4_1$1           0.470      0.056      8.365      0.000
    PHQ4_1$2           1.220      0.071     17.072      0.000
    PHQ4_1$3           1.763      0.099     17.841      0.000
    PHQ5_1$1          -0.588      0.058    -10.222      0.000
    PHQ5_1$2           0.616      0.058     10.640      0.000
    PHQ5_1$3           1.239      0.072     17.186      0.000
    PHQ6_1$1           0.334      0.055      6.062      0.000
    PHQ6_1$2           1.127      0.068     16.454      0.000
    PHQ6_1$3           1.644      0.091     18.072      0.000
    PHQ7_1$1          -0.194      0.054     -3.573      0.000
    PHQ7_1$2           0.733      0.060     12.293      0.000
    PHQ7_1$3           1.302      0.074     17.501      0.000
    PHQ8_1$1           0.339      0.055      6.148      0.000
    PHQ8_1$2           1.407      0.079     17.880      0.000
    PHQ8_1$3           2.009      0.120     16.761      0.000

 Variances
    PHQ_1              0.559      0.047     12.007      0.000


STANDARDIZED MODEL RESULTS


STDYX Standardization

                                                    Two-Tailed
                    Estimate       S.E.  Est./S.E.    P-Value

 PHQ_1    BY
    PHQ1_1             0.748      0.031     24.014      0.000
    PHQ2_1             0.593      0.038     15.750      0.000
    PHQ3_1             0.524      0.040     12.993      0.000
    PHQ4_1             0.583      0.043     13.511      0.000
    PHQ5_1             0.694      0.033     21.097      0.000
    PHQ6_1             0.758      0.031     24.564      0.000
    PHQ7_1             0.597      0.037     16.183      0.000
    PHQ8_1             0.601      0.042     14.195      0.000

 Thresholds
    PHQ1_1$1          -0.287      0.055     -5.243      0.000
    PHQ1_1$2           1.230      0.072     17.151      0.000
    PHQ1_1$3           1.663      0.092     18.066      0.000
    PHQ2_1$1           0.060      0.054      1.119      0.263
    PHQ2_1$2           1.094      0.067     16.212      0.000
    PHQ2_1$3           1.786      0.100     17.788      0.000
    PHQ3_1$1          -0.239      0.054     -4.385      0.000
    PHQ3_1$2           0.646      0.058     11.089      0.000
    PHQ3_1$3           1.119      0.068     16.412      0.000
    PHQ4_1$1           0.470      0.056      8.365      0.000
    PHQ4_1$2           1.220      0.071     17.072      0.000
    PHQ4_1$3           1.763      0.099     17.841      0.000
    PHQ5_1$1          -0.588      0.058    -10.222      0.000
    PHQ5_1$2           0.616      0.058     10.640      0.000
    PHQ5_1$3           1.239      0.072     17.186      0.000
    PHQ6_1$1           0.334      0.055      6.062      0.000
    PHQ6_1$2           1.127      0.068     16.454      0.000
    PHQ6_1$3           1.644      0.091     18.072      0.000
    PHQ7_1$1          -0.194      0.054     -3.573      0.000
    PHQ7_1$2           0.733      0.060     12.293      0.000
    PHQ7_1$3           1.302      0.074     17.501      0.000
    PHQ8_1$1           0.339      0.055      6.148      0.000
    PHQ8_1$2           1.407      0.079     17.880      0.000
    PHQ8_1$3           2.009      0.120     16.761      0.000

 Variances
    PHQ_1              1.000      0.000    999.000    999.000


R-SQUARE

    Observed                                        Two-Tailed   Residual
    Variable        Estimate       S.E.  Est./S.E.    P-Value    Variance

    PHQ1_1             0.559      0.047     12.007      0.000      0.441
    PHQ2_1             0.351      0.045      7.875      0.000      0.649
    PHQ3_1             0.275      0.042      6.496      0.000      0.725
    PHQ4_1             0.339      0.050      6.755      0.000      0.661
    PHQ5_1             0.482      0.046     10.548      0.000      0.518
    PHQ6_1             0.574      0.047     12.282      0.000      0.426
    PHQ7_1             0.357      0.044      8.091      0.000      0.643
    PHQ8_1             0.361      0.051      7.097      0.000      0.639


QUALITY OF NUMERICAL RESULTS

     Condition Number for the Information Matrix              0.813E-02
       (ratio of smallest to largest eigenvalue)


MODEL MODIFICATION INDICES

Minimum M.I. value for printing the modification index    10.000

                                   M.I.     E.P.C.  Std E.P.C.  StdYX E.P.C.

No modification indices above the minimum value.



     Beginning Time:  11:09:26
        Ending Time:  11:09:26
       Elapsed Time:  00:00:00



MUTHEN & MUTHEN
3463 Stoner Ave.
Los Angeles, CA  90066

Tel: (310) 391-9971
Fax: (310) 391-8971
Web: www.StatModel.com
Support: Support@StatModel.com

Copyright (c) 1998-2019 Muthen & Muthen
